
*** Running vivado
    with args -log TETRIS_Main.vds -m64 -product Vivado -mode batch -messageDb vivado.pb -notrace -source TETRIS_Main.tcl


****** Vivado v2017.3 (64-bit)
  **** SW Build 2018833 on Wed Oct  4 19:58:22 MDT 2017
  **** IP Build 2016188 on Wed Oct  4 21:52:56 MDT 2017
    ** Copyright 1986-2017 Xilinx, Inc. All Rights Reserved.

source TETRIS_Main.tcl -notrace
Command: synth_design -top TETRIS_Main -part xc7a35tcpg236-1
Starting synth_design
Attempting to get a license for feature 'Synthesis' and/or device 'xc7a35t'
INFO: [Common 17-349] Got license for feature 'Synthesis' and/or device 'xc7a35t'
INFO: Launching helper process for spawning children vivado processes
INFO: Helper process launched with PID 9556 
WARNING: [Synth 8-976] clk_rand_IP_CLK_DIVIDER has already been declared [c:/Users/Juten/Desktop/nowy tetris xD/uec2_projekt/vivado/UEC2_projekt_tetris/UEC2_projekt_tetris.srcs/sources_1/ip/IP_CLK_DIVIDER/IP_CLK_DIVIDER_clk_wiz.v:100]
WARNING: [Synth 8-2654] second declaration of clk_rand_IP_CLK_DIVIDER ignored [c:/Users/Juten/Desktop/nowy tetris xD/uec2_projekt/vivado/UEC2_projekt_tetris/UEC2_projekt_tetris.srcs/sources_1/ip/IP_CLK_DIVIDER/IP_CLK_DIVIDER_clk_wiz.v:100]
INFO: [Synth 8-994] clk_rand_IP_CLK_DIVIDER is declared here [c:/Users/Juten/Desktop/nowy tetris xD/uec2_projekt/vivado/UEC2_projekt_tetris/UEC2_projekt_tetris.srcs/sources_1/ip/IP_CLK_DIVIDER/IP_CLK_DIVIDER_clk_wiz.v:99]
---------------------------------------------------------------------------------
Starting RTL Elaboration : Time (s): cpu = 00:00:06 ; elapsed = 00:00:07 . Memory (MB): peak = 360.059 ; gain = 102.258
---------------------------------------------------------------------------------
INFO: [Synth 8-638] synthesizing module 'TETRIS_Main' [C:/Users/Juten/Desktop/nowy tetris xD/uec2_projekt/vivado/UEC2_projekt_tetris/UEC2_projekt_tetris.srcs/sources_1/new/TETRIS_Main.v:23]
INFO: [Synth 8-638] synthesizing module 'IP_CLK_DIVIDER' [c:/Users/Juten/Desktop/nowy tetris xD/uec2_projekt/vivado/UEC2_projekt_tetris/UEC2_projekt_tetris.srcs/sources_1/ip/IP_CLK_DIVIDER/IP_CLK_DIVIDER.v:71]
INFO: [Synth 8-638] synthesizing module 'IP_CLK_DIVIDER_clk_wiz' [c:/Users/Juten/Desktop/nowy tetris xD/uec2_projekt/vivado/UEC2_projekt_tetris/UEC2_projekt_tetris.srcs/sources_1/ip/IP_CLK_DIVIDER/IP_CLK_DIVIDER_clk_wiz.v:69]
INFO: [Synth 8-5534] Detected attribute (* KEEP = "TRUE" *) [c:/Users/Juten/Desktop/nowy tetris xD/uec2_projekt/vivado/UEC2_projekt_tetris/UEC2_projekt_tetris.srcs/sources_1/ip/IP_CLK_DIVIDER/IP_CLK_DIVIDER_clk_wiz.v:127]
INFO: [Synth 8-5534] Detected attribute (* ASYNC_REG = "TRUE" *) [c:/Users/Juten/Desktop/nowy tetris xD/uec2_projekt/vivado/UEC2_projekt_tetris/UEC2_projekt_tetris.srcs/sources_1/ip/IP_CLK_DIVIDER/IP_CLK_DIVIDER_clk_wiz.v:127]
INFO: [Synth 8-5534] Detected attribute (* KEEP = "TRUE" *) [c:/Users/Juten/Desktop/nowy tetris xD/uec2_projekt/vivado/UEC2_projekt_tetris/UEC2_projekt_tetris.srcs/sources_1/ip/IP_CLK_DIVIDER/IP_CLK_DIVIDER_clk_wiz.v:130]
INFO: [Synth 8-5534] Detected attribute (* ASYNC_REG = "TRUE" *) [c:/Users/Juten/Desktop/nowy tetris xD/uec2_projekt/vivado/UEC2_projekt_tetris/UEC2_projekt_tetris.srcs/sources_1/ip/IP_CLK_DIVIDER/IP_CLK_DIVIDER_clk_wiz.v:130]
INFO: [Synth 8-638] synthesizing module 'IBUF' [C:/Xilinx/Vivado/2017.3/scripts/rt/data/unisim_comp.v:19468]
	Parameter CAPACITANCE bound to: DONT_CARE - type: string 
	Parameter IBUF_DELAY_VALUE bound to: 0 - type: string 
	Parameter IBUF_LOW_PWR bound to: TRUE - type: string 
	Parameter IFD_DELAY_VALUE bound to: AUTO - type: string 
	Parameter IOSTANDARD bound to: DEFAULT - type: string 
INFO: [Synth 8-256] done synthesizing module 'IBUF' (1#1) [C:/Xilinx/Vivado/2017.3/scripts/rt/data/unisim_comp.v:19468]
INFO: [Synth 8-638] synthesizing module 'MMCME2_ADV' [C:/Xilinx/Vivado/2017.3/scripts/rt/data/unisim_comp.v:25757]
	Parameter BANDWIDTH bound to: OPTIMIZED - type: string 
	Parameter CLKFBOUT_MULT_F bound to: 50.375000 - type: float 
	Parameter CLKFBOUT_PHASE bound to: 0.000000 - type: float 
	Parameter CLKFBOUT_USE_FINE_PS bound to: FALSE - type: string 
	Parameter CLKIN1_PERIOD bound to: 10.000000 - type: float 
	Parameter CLKIN2_PERIOD bound to: 0.000000 - type: float 
	Parameter CLKOUT0_DIVIDE_F bound to: 15.500000 - type: float 
	Parameter CLKOUT0_DUTY_CYCLE bound to: 0.500000 - type: float 
	Parameter CLKOUT0_PHASE bound to: 0.000000 - type: float 
	Parameter CLKOUT0_USE_FINE_PS bound to: FALSE - type: string 
	Parameter CLKOUT1_DIVIDE bound to: 31 - type: integer 
	Parameter CLKOUT1_DUTY_CYCLE bound to: 0.500000 - type: float 
	Parameter CLKOUT1_PHASE bound to: 0.000000 - type: float 
	Parameter CLKOUT1_USE_FINE_PS bound to: FALSE - type: string 
	Parameter CLKOUT2_DIVIDE bound to: 1 - type: integer 
	Parameter CLKOUT2_DUTY_CYCLE bound to: 0.500000 - type: float 
	Parameter CLKOUT2_PHASE bound to: 0.000000 - type: float 
	Parameter CLKOUT2_USE_FINE_PS bound to: FALSE - type: string 
	Parameter CLKOUT3_DIVIDE bound to: 1 - type: integer 
	Parameter CLKOUT3_DUTY_CYCLE bound to: 0.500000 - type: float 
	Parameter CLKOUT3_PHASE bound to: 0.000000 - type: float 
	Parameter CLKOUT3_USE_FINE_PS bound to: FALSE - type: string 
	Parameter CLKOUT4_CASCADE bound to: FALSE - type: string 
	Parameter CLKOUT4_DIVIDE bound to: 1 - type: integer 
	Parameter CLKOUT4_DUTY_CYCLE bound to: 0.500000 - type: float 
	Parameter CLKOUT4_PHASE bound to: 0.000000 - type: float 
	Parameter CLKOUT4_USE_FINE_PS bound to: FALSE - type: string 
	Parameter CLKOUT5_DIVIDE bound to: 1 - type: integer 
	Parameter CLKOUT5_DUTY_CYCLE bound to: 0.500000 - type: float 
	Parameter CLKOUT5_PHASE bound to: 0.000000 - type: float 
	Parameter CLKOUT5_USE_FINE_PS bound to: FALSE - type: string 
	Parameter CLKOUT6_DIVIDE bound to: 1 - type: integer 
	Parameter CLKOUT6_DUTY_CYCLE bound to: 0.500000 - type: float 
	Parameter CLKOUT6_PHASE bound to: 0.000000 - type: float 
	Parameter CLKOUT6_USE_FINE_PS bound to: FALSE - type: string 
	Parameter COMPENSATION bound to: ZHOLD - type: string 
	Parameter DIVCLK_DIVIDE bound to: 5 - type: integer 
	Parameter IS_CLKINSEL_INVERTED bound to: 1'b0 
	Parameter IS_PSEN_INVERTED bound to: 1'b0 
	Parameter IS_PSINCDEC_INVERTED bound to: 1'b0 
	Parameter IS_PWRDWN_INVERTED bound to: 1'b0 
	Parameter IS_RST_INVERTED bound to: 1'b0 
	Parameter REF_JITTER1 bound to: 0.010000 - type: float 
	Parameter REF_JITTER2 bound to: 0.010000 - type: float 
	Parameter SS_EN bound to: FALSE - type: string 
	Parameter SS_MODE bound to: CENTER_HIGH - type: string 
	Parameter SS_MOD_PERIOD bound to: 10000 - type: integer 
	Parameter STARTUP_WAIT bound to: FALSE - type: string 
INFO: [Synth 8-256] done synthesizing module 'MMCME2_ADV' (2#1) [C:/Xilinx/Vivado/2017.3/scripts/rt/data/unisim_comp.v:25757]
INFO: [Synth 8-638] synthesizing module 'BUFG' [C:/Xilinx/Vivado/2017.3/scripts/rt/data/unisim_comp.v:607]
INFO: [Synth 8-256] done synthesizing module 'BUFG' (3#1) [C:/Xilinx/Vivado/2017.3/scripts/rt/data/unisim_comp.v:607]
INFO: [Synth 8-638] synthesizing module 'BUFGCE' [C:/Xilinx/Vivado/2017.3/scripts/rt/data/unisim_comp.v:617]
	Parameter CE_TYPE bound to: SYNC - type: string 
	Parameter IS_CE_INVERTED bound to: 1'b0 
	Parameter IS_I_INVERTED bound to: 1'b0 
INFO: [Synth 8-256] done synthesizing module 'BUFGCE' (4#1) [C:/Xilinx/Vivado/2017.3/scripts/rt/data/unisim_comp.v:617]
INFO: [Synth 8-638] synthesizing module 'BUFH' [C:/Xilinx/Vivado/2017.3/scripts/rt/data/unisim_comp.v:806]
INFO: [Synth 8-256] done synthesizing module 'BUFH' (5#1) [C:/Xilinx/Vivado/2017.3/scripts/rt/data/unisim_comp.v:806]
INFO: [Synth 8-256] done synthesizing module 'IP_CLK_DIVIDER_clk_wiz' (6#1) [c:/Users/Juten/Desktop/nowy tetris xD/uec2_projekt/vivado/UEC2_projekt_tetris/UEC2_projekt_tetris.srcs/sources_1/ip/IP_CLK_DIVIDER/IP_CLK_DIVIDER_clk_wiz.v:69]
INFO: [Synth 8-256] done synthesizing module 'IP_CLK_DIVIDER' (7#1) [c:/Users/Juten/Desktop/nowy tetris xD/uec2_projekt/vivado/UEC2_projekt_tetris/UEC2_projekt_tetris.srcs/sources_1/ip/IP_CLK_DIVIDER/IP_CLK_DIVIDER.v:71]
INFO: [Synth 8-638] synthesizing module 'vga_timing' [C:/Users/Juten/Desktop/nowy tetris xD/uec2_projekt/vivado/UEC2_projekt_tetris/UEC2_projekt_tetris.srcs/sources_1/new/vga_timing.v:6]
INFO: [Synth 8-256] done synthesizing module 'vga_timing' (8#1) [C:/Users/Juten/Desktop/nowy tetris xD/uec2_projekt/vivado/UEC2_projekt_tetris/UEC2_projekt_tetris.srcs/sources_1/new/vga_timing.v:6]
INFO: [Synth 8-638] synthesizing module 'GAME_FRAME' [C:/Users/Juten/Desktop/nowy tetris xD/uec2_projekt/vivado/UEC2_projekt_tetris/UEC2_projekt_tetris.srcs/sources_1/new/GAME_FRAME.v:23]
INFO: [Synth 8-256] done synthesizing module 'GAME_FRAME' (9#1) [C:/Users/Juten/Desktop/nowy tetris xD/uec2_projekt/vivado/UEC2_projekt_tetris/UEC2_projekt_tetris.srcs/sources_1/new/GAME_FRAME.v:23]
INFO: [Synth 8-638] synthesizing module 'falserandom_generator' [C:/Users/Juten/Desktop/nowy tetris xD/uec2_projekt/vivado/UEC2_projekt_tetris/UEC2_projekt_tetris.srcs/sources_1/new/falserandom_generator.v:23]
INFO: [Synth 8-256] done synthesizing module 'falserandom_generator' (10#1) [C:/Users/Juten/Desktop/nowy tetris xD/uec2_projekt/vivado/UEC2_projekt_tetris/UEC2_projekt_tetris.srcs/sources_1/new/falserandom_generator.v:23]
INFO: [Synth 8-638] synthesizing module 'game_logic_unit' [C:/Users/Juten/Desktop/nowy tetris xD/uec2_projekt/vivado/UEC2_projekt_tetris/UEC2_projekt_tetris.srcs/sources_1/new/game_logic_unit.v:23]
	Parameter TITLESCREEN bound to: 0 - type: integer 
	Parameter GAMEPLAY bound to: 1 - type: integer 
	Parameter TEST_COLLISION bound to: 2 - type: integer 
	Parameter CLEAR_ROW bound to: 3 - type: integer 
	Parameter GAME_OVER bound to: 4 - type: integer 
	Parameter ERROR_PIECE bound to: 4'b0000 
	Parameter I_PIECE bound to: 4'b0001 
	Parameter L_PIECE bound to: 4'b0010 
	Parameter J_PIECE bound to: 4'b0011 
	Parameter T_PIECE bound to: 4'b0100 
	Parameter SQUARE_PIECE bound to: 4'b0101 
	Parameter Z_PIECE bound to: 4'b0110 
	Parameter S_PIECE bound to: 4'b0111 
	Parameter A_BUTTON bound to: 16'b0000000000011100 
	Parameter W_BUTTON bound to: 16'b0000000000011101 
	Parameter S_BUTTON bound to: 16'b0000000000011011 
	Parameter D_BUTTON bound to: 16'b0000000000100011 
	Parameter SPACE_BUTTON bound to: 16'b0000000000101001 
	Parameter ENTER_BUTTON bound to: 16'b0000000001011010 
	Parameter LEFT_EDGE bound to: 2 - type: integer 
	Parameter GAME_WIDTH bound to: 16 - type: integer 
	Parameter SCREEN_WIDTH bound to: 32 - type: integer 
	Parameter GAME_HEIGHT bound to: 24 - type: integer 
	Parameter ERROR_BLOCK bound to: 11'b11111111111 
INFO: [Synth 8-638] synthesizing module 'clk1Hz' [C:/Users/Juten/Desktop/nowy tetris xD/uec2_projekt/vivado/UEC2_projekt_tetris/UEC2_projekt_tetris.srcs/sources_1/new/clk1Hz.v:23]
INFO: [Synth 8-256] done synthesizing module 'clk1Hz' (11#1) [C:/Users/Juten/Desktop/nowy tetris xD/uec2_projekt/vivado/UEC2_projekt_tetris/UEC2_projekt_tetris.srcs/sources_1/new/clk1Hz.v:23]
INFO: [Synth 8-638] synthesizing module 'clk2Hz' [C:/Users/Juten/Desktop/nowy tetris xD/uec2_projekt/vivado/UEC2_projekt_tetris/UEC2_projekt_tetris.srcs/sources_1/new/clk2Hz.v:23]
INFO: [Synth 8-256] done synthesizing module 'clk2Hz' (12#1) [C:/Users/Juten/Desktop/nowy tetris xD/uec2_projekt/vivado/UEC2_projekt_tetris/UEC2_projekt_tetris.srcs/sources_1/new/clk2Hz.v:23]
INFO: [Synth 8-638] synthesizing module 'debauns' [C:/Users/Juten/Desktop/uec2_projekt/vivado/UEC2_projekt_tetris/UEC2_projekt_tetris.srcs/sources_1/new/debauns.v:23]
INFO: [Synth 8-256] done synthesizing module 'debauns' (13#1) [C:/Users/Juten/Desktop/uec2_projekt/vivado/UEC2_projekt_tetris/UEC2_projekt_tetris.srcs/sources_1/new/debauns.v:23]
INFO: [Synth 8-638] synthesizing module 'generate_piece' [C:/Users/Juten/Desktop/nowy tetris xD/uec2_projekt/vivado/UEC2_projekt_tetris/UEC2_projekt_tetris.srcs/sources_1/new/generate_piece.v:23]
	Parameter SCREEN_WIDTH bound to: 32 - type: integer 
	Parameter ERROR_BLOCK bound to: 11'b11111111111 
	Parameter ERROR_PIECE bound to: 4'b0000 
	Parameter I_PIECE bound to: 4'b0001 
	Parameter L_PIECE bound to: 4'b0010 
	Parameter J_PIECE bound to: 4'b0011 
	Parameter T_PIECE bound to: 4'b0100 
	Parameter SQUARE_PIECE bound to: 4'b0101 
	Parameter Z_PIECE bound to: 4'b0110 
	Parameter S_PIECE bound to: 4'b0111 
	Parameter END_SCREEN bound to: 4'b1000 
INFO: [Synth 8-256] done synthesizing module 'generate_piece' (14#1) [C:/Users/Juten/Desktop/nowy tetris xD/uec2_projekt/vivado/UEC2_projekt_tetris/UEC2_projekt_tetris.srcs/sources_1/new/generate_piece.v:23]
INFO: [Synth 8-638] synthesizing module 'ingame_graphic' [C:/Users/Juten/Desktop/nowy tetris xD/uec2_projekt/vivado/UEC2_projekt_tetris/UEC2_projekt_tetris.srcs/sources_1/new/ingame_graphic.v:23]
	Parameter BLOCK_SIZE bound to: 32 - type: integer 
	Parameter LEFT_EDGE bound to: 2 - type: integer 
	Parameter GAME_WIDTH bound to: 16 - type: integer 
	Parameter SCREEN_WIDTH bound to: 32 - type: integer 
	Parameter ERROR_PIECE bound to: 4'b0000 
	Parameter I_PIECE bound to: 4'b0001 
	Parameter L_PIECE bound to: 4'b0010 
	Parameter J_PIECE bound to: 4'b0011 
	Parameter T_PIECE bound to: 4'b0100 
	Parameter SQUARE_PIECE bound to: 4'b0101 
	Parameter Z_PIECE bound to: 4'b0110 
	Parameter S_PIECE bound to: 4'b0111 
	Parameter END_SCREEN bound to: 4'b1000 
INFO: [Synth 8-256] done synthesizing module 'ingame_graphic' (15#1) [C:/Users/Juten/Desktop/nowy tetris xD/uec2_projekt/vivado/UEC2_projekt_tetris/UEC2_projekt_tetris.srcs/sources_1/new/ingame_graphic.v:23]
INFO: [Synth 8-638] synthesizing module 'clear_row' [C:/Users/Juten/Desktop/nowy tetris xD/uec2_projekt/vivado/UEC2_projekt_tetris/UEC2_projekt_tetris.srcs/sources_1/new/clear_row.v:23]
	Parameter GAME_HEIGHT bound to: 24 - type: integer 
	Parameter GAME_WIDTH bound to: 16 - type: integer 
	Parameter SCREEN_WIDTH bound to: 32 - type: integer 
	Parameter LEFT_EDGE bound to: 2 - type: integer 
INFO: [Synth 8-256] done synthesizing module 'clear_row' (16#1) [C:/Users/Juten/Desktop/nowy tetris xD/uec2_projekt/vivado/UEC2_projekt_tetris/UEC2_projekt_tetris.srcs/sources_1/new/clear_row.v:23]
WARNING: [Synth 8-324] index -32 out of range [C:/Users/Juten/Desktop/nowy tetris xD/uec2_projekt/vivado/UEC2_projekt_tetris/UEC2_projekt_tetris.srcs/sources_1/new/game_logic_unit.v:1089]
WARNING: [Synth 8-324] index -31 out of range [C:/Users/Juten/Desktop/nowy tetris xD/uec2_projekt/vivado/UEC2_projekt_tetris/UEC2_projekt_tetris.srcs/sources_1/new/game_logic_unit.v:1089]
WARNING: [Synth 8-324] index -30 out of range [C:/Users/Juten/Desktop/nowy tetris xD/uec2_projekt/vivado/UEC2_projekt_tetris/UEC2_projekt_tetris.srcs/sources_1/new/game_logic_unit.v:1089]
WARNING: [Synth 8-324] index -29 out of range [C:/Users/Juten/Desktop/nowy tetris xD/uec2_projekt/vivado/UEC2_projekt_tetris/UEC2_projekt_tetris.srcs/sources_1/new/game_logic_unit.v:1089]
WARNING: [Synth 8-324] index -28 out of range [C:/Users/Juten/Desktop/nowy tetris xD/uec2_projekt/vivado/UEC2_projekt_tetris/UEC2_projekt_tetris.srcs/sources_1/new/game_logic_unit.v:1089]
WARNING: [Synth 8-324] index -27 out of range [C:/Users/Juten/Desktop/nowy tetris xD/uec2_projekt/vivado/UEC2_projekt_tetris/UEC2_projekt_tetris.srcs/sources_1/new/game_logic_unit.v:1089]
WARNING: [Synth 8-324] index -26 out of range [C:/Users/Juten/Desktop/nowy tetris xD/uec2_projekt/vivado/UEC2_projekt_tetris/UEC2_projekt_tetris.srcs/sources_1/new/game_logic_unit.v:1089]
WARNING: [Synth 8-324] index -25 out of range [C:/Users/Juten/Desktop/nowy tetris xD/uec2_projekt/vivado/UEC2_projekt_tetris/UEC2_projekt_tetris.srcs/sources_1/new/game_logic_unit.v:1089]
WARNING: [Synth 8-324] index -24 out of range [C:/Users/Juten/Desktop/nowy tetris xD/uec2_projekt/vivado/UEC2_projekt_tetris/UEC2_projekt_tetris.srcs/sources_1/new/game_logic_unit.v:1089]
WARNING: [Synth 8-324] index -23 out of range [C:/Users/Juten/Desktop/nowy tetris xD/uec2_projekt/vivado/UEC2_projekt_tetris/UEC2_projekt_tetris.srcs/sources_1/new/game_logic_unit.v:1089]
WARNING: [Synth 8-324] index -22 out of range [C:/Users/Juten/Desktop/nowy tetris xD/uec2_projekt/vivado/UEC2_projekt_tetris/UEC2_projekt_tetris.srcs/sources_1/new/game_logic_unit.v:1089]
WARNING: [Synth 8-324] index -21 out of range [C:/Users/Juten/Desktop/nowy tetris xD/uec2_projekt/vivado/UEC2_projekt_tetris/UEC2_projekt_tetris.srcs/sources_1/new/game_logic_unit.v:1089]
WARNING: [Synth 8-324] index -20 out of range [C:/Users/Juten/Desktop/nowy tetris xD/uec2_projekt/vivado/UEC2_projekt_tetris/UEC2_projekt_tetris.srcs/sources_1/new/game_logic_unit.v:1089]
WARNING: [Synth 8-324] index -19 out of range [C:/Users/Juten/Desktop/nowy tetris xD/uec2_projekt/vivado/UEC2_projekt_tetris/UEC2_projekt_tetris.srcs/sources_1/new/game_logic_unit.v:1089]
WARNING: [Synth 8-324] index -18 out of range [C:/Users/Juten/Desktop/nowy tetris xD/uec2_projekt/vivado/UEC2_projekt_tetris/UEC2_projekt_tetris.srcs/sources_1/new/game_logic_unit.v:1089]
WARNING: [Synth 8-324] index -17 out of range [C:/Users/Juten/Desktop/nowy tetris xD/uec2_projekt/vivado/UEC2_projekt_tetris/UEC2_projekt_tetris.srcs/sources_1/new/game_logic_unit.v:1089]
WARNING: [Synth 8-324] index -16 out of range [C:/Users/Juten/Desktop/nowy tetris xD/uec2_projekt/vivado/UEC2_projekt_tetris/UEC2_projekt_tetris.srcs/sources_1/new/game_logic_unit.v:1089]
WARNING: [Synth 8-324] index -15 out of range [C:/Users/Juten/Desktop/nowy tetris xD/uec2_projekt/vivado/UEC2_projekt_tetris/UEC2_projekt_tetris.srcs/sources_1/new/game_logic_unit.v:1089]
WARNING: [Synth 8-324] index -14 out of range [C:/Users/Juten/Desktop/nowy tetris xD/uec2_projekt/vivado/UEC2_projekt_tetris/UEC2_projekt_tetris.srcs/sources_1/new/game_logic_unit.v:1089]
WARNING: [Synth 8-324] index -13 out of range [C:/Users/Juten/Desktop/nowy tetris xD/uec2_projekt/vivado/UEC2_projekt_tetris/UEC2_projekt_tetris.srcs/sources_1/new/game_logic_unit.v:1089]
WARNING: [Synth 8-324] index -12 out of range [C:/Users/Juten/Desktop/nowy tetris xD/uec2_projekt/vivado/UEC2_projekt_tetris/UEC2_projekt_tetris.srcs/sources_1/new/game_logic_unit.v:1089]
WARNING: [Synth 8-324] index -11 out of range [C:/Users/Juten/Desktop/nowy tetris xD/uec2_projekt/vivado/UEC2_projekt_tetris/UEC2_projekt_tetris.srcs/sources_1/new/game_logic_unit.v:1089]
WARNING: [Synth 8-324] index -10 out of range [C:/Users/Juten/Desktop/nowy tetris xD/uec2_projekt/vivado/UEC2_projekt_tetris/UEC2_projekt_tetris.srcs/sources_1/new/game_logic_unit.v:1089]
WARNING: [Synth 8-324] index -9 out of range [C:/Users/Juten/Desktop/nowy tetris xD/uec2_projekt/vivado/UEC2_projekt_tetris/UEC2_projekt_tetris.srcs/sources_1/new/game_logic_unit.v:1089]
WARNING: [Synth 8-324] index -8 out of range [C:/Users/Juten/Desktop/nowy tetris xD/uec2_projekt/vivado/UEC2_projekt_tetris/UEC2_projekt_tetris.srcs/sources_1/new/game_logic_unit.v:1089]
WARNING: [Synth 8-324] index -7 out of range [C:/Users/Juten/Desktop/nowy tetris xD/uec2_projekt/vivado/UEC2_projekt_tetris/UEC2_projekt_tetris.srcs/sources_1/new/game_logic_unit.v:1089]
WARNING: [Synth 8-324] index -6 out of range [C:/Users/Juten/Desktop/nowy tetris xD/uec2_projekt/vivado/UEC2_projekt_tetris/UEC2_projekt_tetris.srcs/sources_1/new/game_logic_unit.v:1089]
WARNING: [Synth 8-324] index -5 out of range [C:/Users/Juten/Desktop/nowy tetris xD/uec2_projekt/vivado/UEC2_projekt_tetris/UEC2_projekt_tetris.srcs/sources_1/new/game_logic_unit.v:1089]
WARNING: [Synth 8-324] index -4 out of range [C:/Users/Juten/Desktop/nowy tetris xD/uec2_projekt/vivado/UEC2_projekt_tetris/UEC2_projekt_tetris.srcs/sources_1/new/game_logic_unit.v:1089]
WARNING: [Synth 8-324] index -3 out of range [C:/Users/Juten/Desktop/nowy tetris xD/uec2_projekt/vivado/UEC2_projekt_tetris/UEC2_projekt_tetris.srcs/sources_1/new/game_logic_unit.v:1089]
WARNING: [Synth 8-324] index -2 out of range [C:/Users/Juten/Desktop/nowy tetris xD/uec2_projekt/vivado/UEC2_projekt_tetris/UEC2_projekt_tetris.srcs/sources_1/new/game_logic_unit.v:1089]
WARNING: [Synth 8-324] index -1 out of range [C:/Users/Juten/Desktop/nowy tetris xD/uec2_projekt/vivado/UEC2_projekt_tetris/UEC2_projekt_tetris.srcs/sources_1/new/game_logic_unit.v:1089]
INFO: [Synth 8-256] done synthesizing module 'game_logic_unit' (17#1) [C:/Users/Juten/Desktop/nowy tetris xD/uec2_projekt/vivado/UEC2_projekt_tetris/UEC2_projekt_tetris.srcs/sources_1/new/game_logic_unit.v:23]
INFO: [Synth 8-256] done synthesizing module 'TETRIS_Main' (18#1) [C:/Users/Juten/Desktop/nowy tetris xD/uec2_projekt/vivado/UEC2_projekt_tetris/UEC2_projekt_tetris.srcs/sources_1/new/TETRIS_Main.v:23]
WARNING: [Synth 8-3331] design TETRIS_Main has unconnected port PS2Data
WARNING: [Synth 8-3331] design TETRIS_Main has unconnected port PS2Clk
---------------------------------------------------------------------------------
Finished RTL Elaboration : Time (s): cpu = 00:00:27 ; elapsed = 00:00:28 . Memory (MB): peak = 923.406 ; gain = 665.605
---------------------------------------------------------------------------------

Report Check Netlist: 
+------+------------------+-------+---------+-------+------------------+
|      |Item              |Errors |Warnings |Status |Description       |
+------+------------------+-------+---------+-------+------------------+
|1     |multi_driven_nets |      0|        0|Passed |Multi driven nets |
+------+------------------+-------+---------+-------+------------------+
---------------------------------------------------------------------------------
Finished RTL Optimization Phase 1 : Time (s): cpu = 00:00:29 ; elapsed = 00:00:31 . Memory (MB): peak = 923.406 ; gain = 665.605
---------------------------------------------------------------------------------
INFO: [Netlist 29-17] Analyzing 4 Unisim elements for replacement
INFO: [Netlist 29-28] Unisim Transformation completed in 0 CPU seconds
INFO: [Device 21-403] Loading part xc7a35tcpg236-1
INFO: [Project 1-570] Preparing netlist for logic optimization

Processing XDC Constraints
Initializing timing engine
Parsing XDC File [c:/Users/Juten/Desktop/nowy tetris xD/uec2_projekt/vivado/UEC2_projekt_tetris/UEC2_projekt_tetris.srcs/sources_1/ip/IP_CLK_DIVIDER/IP_CLK_DIVIDER_board.xdc] for cell 'CLK_GENERATOR/inst'
Finished Parsing XDC File [c:/Users/Juten/Desktop/nowy tetris xD/uec2_projekt/vivado/UEC2_projekt_tetris/UEC2_projekt_tetris.srcs/sources_1/ip/IP_CLK_DIVIDER/IP_CLK_DIVIDER_board.xdc] for cell 'CLK_GENERATOR/inst'
Parsing XDC File [c:/Users/Juten/Desktop/nowy tetris xD/uec2_projekt/vivado/UEC2_projekt_tetris/UEC2_projekt_tetris.srcs/sources_1/ip/IP_CLK_DIVIDER/IP_CLK_DIVIDER.xdc] for cell 'CLK_GENERATOR/inst'
Finished Parsing XDC File [c:/Users/Juten/Desktop/nowy tetris xD/uec2_projekt/vivado/UEC2_projekt_tetris/UEC2_projekt_tetris.srcs/sources_1/ip/IP_CLK_DIVIDER/IP_CLK_DIVIDER.xdc] for cell 'CLK_GENERATOR/inst'
INFO: [Project 1-236] Implementation specific constraints were found while reading constraint file [c:/Users/Juten/Desktop/nowy tetris xD/uec2_projekt/vivado/UEC2_projekt_tetris/UEC2_projekt_tetris.srcs/sources_1/ip/IP_CLK_DIVIDER/IP_CLK_DIVIDER.xdc]. These constraints will be ignored for synthesis but will be used in implementation. Impacted constraints are listed in the file [.Xil/TETRIS_Main_propImpl.xdc].
Resolution: To avoid this warning, move constraints listed in [.Xil/TETRIS_Main_propImpl.xdc] to another XDC file and exclude this new file from synthesis with the used_in_synthesis property (File Properties dialog in GUI) and re-run elaboration/synthesis.
INFO: [Timing 38-2] Deriving generated clocks
Parsing XDC File [C:/Users/Juten/Desktop/nowy tetris xD/uec2_projekt/vivado/UEC2_projekt_tetris/UEC2_projekt_tetris.srcs/constrs_1/new/constrains.xdc]
Finished Parsing XDC File [C:/Users/Juten/Desktop/nowy tetris xD/uec2_projekt/vivado/UEC2_projekt_tetris/UEC2_projekt_tetris.srcs/constrs_1/new/constrains.xdc]
INFO: [Project 1-236] Implementation specific constraints were found while reading constraint file [C:/Users/Juten/Desktop/nowy tetris xD/uec2_projekt/vivado/UEC2_projekt_tetris/UEC2_projekt_tetris.srcs/constrs_1/new/constrains.xdc]. These constraints will be ignored for synthesis but will be used in implementation. Impacted constraints are listed in the file [.Xil/TETRIS_Main_propImpl.xdc].
Resolution: To avoid this warning, move constraints listed in [.Xil/TETRIS_Main_propImpl.xdc] to another XDC file and exclude this new file from synthesis with the used_in_synthesis property (File Properties dialog in GUI) and re-run elaboration/synthesis.
Parsing XDC File [C:/Users/Juten/Desktop/nowy tetris xD/uec2_projekt/vivado/UEC2_projekt_tetris/UEC2_projekt_tetris.runs/synth_1/dont_touch.xdc]
Finished Parsing XDC File [C:/Users/Juten/Desktop/nowy tetris xD/uec2_projekt/vivado/UEC2_projekt_tetris/UEC2_projekt_tetris.runs/synth_1/dont_touch.xdc]
INFO: [Project 1-236] Implementation specific constraints were found while reading constraint file [C:/Users/Juten/Desktop/nowy tetris xD/uec2_projekt/vivado/UEC2_projekt_tetris/UEC2_projekt_tetris.runs/synth_1/dont_touch.xdc]. These constraints will be ignored for synthesis but will be used in implementation. Impacted constraints are listed in the file [.Xil/TETRIS_Main_propImpl.xdc].
Resolution: To avoid this warning, move constraints listed in [.Xil/TETRIS_Main_propImpl.xdc] to another XDC file and exclude this new file from synthesis with the used_in_synthesis property (File Properties dialog in GUI) and re-run elaboration/synthesis.
Parsing XDC File [c:/Users/Juten/Desktop/nowy tetris xD/uec2_projekt/vivado/UEC2_projekt_tetris/UEC2_projekt_tetris.srcs/sources_1/ip/IP_CLK_DIVIDER/IP_CLK_DIVIDER_late.xdc] for cell 'CLK_GENERATOR/inst'
Finished Parsing XDC File [c:/Users/Juten/Desktop/nowy tetris xD/uec2_projekt/vivado/UEC2_projekt_tetris/UEC2_projekt_tetris.srcs/sources_1/ip/IP_CLK_DIVIDER/IP_CLK_DIVIDER_late.xdc] for cell 'CLK_GENERATOR/inst'
Completed Processing XDC Constraints

INFO: [Project 1-111] Unisim Transformation Summary:
  A total of 2 instances were transformed.
  BUFGCE => BUFGCTRL: 2 instances

Constraint Validation Runtime : Time (s): cpu = 00:00:00 ; elapsed = 00:00:00.007 . Memory (MB): peak = 1711.840 ; gain = 0.000
---------------------------------------------------------------------------------
Finished Constraint Validation : Time (s): cpu = 00:01:20 ; elapsed = 00:01:20 . Memory (MB): peak = 1711.840 ; gain = 1454.039
---------------------------------------------------------------------------------
INFO: [Synth 8-5580] Multithreading enabled for synth_design using a maximum of 2 processes.
---------------------------------------------------------------------------------
Start Loading Part and Timing Information
---------------------------------------------------------------------------------
Loading part: xc7a35tcpg236-1
INFO: [Synth 8-5546] ROM "state_nxt" won't be mapped to RAM because it is too sparse
INFO: [Synth 8-5544] ROM "state_nxt" won't be mapped to Block RAM because address size (4) smaller than threshold (5)
INFO: [Synth 8-5546] ROM "board_nxt" won't be mapped to RAM because it is too sparse
INFO: [Synth 8-5546] ROM "state_nxt" won't be mapped to RAM because it is too sparse
INFO: [Synth 8-5544] ROM "state_nxt" won't be mapped to Block RAM because address size (4) smaller than threshold (5)
INFO: [Synth 8-5544] ROM "state_nxt" won't be mapped to Block RAM because address size (1) smaller than threshold (5)
INFO: [Synth 8-5544] ROM "state_nxt" won't be mapped to Block RAM because address size (1) smaller than threshold (5)
INFO: [Synth 8-5544] ROM "state_nxt" won't be mapped to Block RAM because address size (1) smaller than threshold (5)
INFO: [Synth 8-5544] ROM "state_nxt" won't be mapped to Block RAM because address size (1) smaller than threshold (5)
---------------------------------------------------------------------------------
Finished RTL Optimization Phase 2 : Time (s): cpu = 00:01:47 ; elapsed = 00:01:48 . Memory (MB): peak = 1711.840 ; gain = 1454.039
---------------------------------------------------------------------------------

Report RTL Partitions: 
+------+----------------------------+------------+----------+
|      |RTL Partition               |Replication |Instances |
+------+----------------------------+------------+----------+
|1     |IP_CLK_DIVIDER_clk_wiz__GC0 |           1|        22|
|2     |game_logic_unit__GB0        |           1|     38068|
|3     |game_logic_unit__GB1        |           1|     15856|
|4     |game_logic_unit__GB2        |           1|     14629|
|5     |TETRIS_Main__GC0            |           1|       478|
+------+----------------------------+------------+----------+
---------------------------------------------------------------------------------
Start RTL Component Statistics 
---------------------------------------------------------------------------------
Detailed RTL Component Info : 
+---Adders : 
	   2 Input     28 Bit       Adders := 2     
	   2 Input     16 Bit       Adders := 6     
	   2 Input     11 Bit       Adders := 14    
	   2 Input      7 Bit       Adders := 4     
	   2 Input      6 Bit       Adders := 6     
	   2 Input      3 Bit       Adders := 2     
	   2 Input      2 Bit       Adders := 2     
+---Registers : 
	               28 Bit    Registers := 2     
	               16 Bit    Registers := 6     
	               11 Bit    Registers := 14    
	                8 Bit    Registers := 2     
	                6 Bit    Registers := 8     
	                4 Bit    Registers := 17    
	                3 Bit    Registers := 2     
	                2 Bit    Registers := 2     
	                1 Bit    Registers := 35    
+---Muxes : 
	   2 Input    768 Bit        Muxes := 21    
	   6 Input    768 Bit        Muxes := 1     
	   2 Input     28 Bit        Muxes := 2     
	   3 Input     28 Bit        Muxes := 1     
	   2 Input     16 Bit        Muxes := 6     
	   4 Input     11 Bit        Muxes := 14    
	   2 Input     11 Bit        Muxes := 40    
	   2 Input      6 Bit        Muxes := 47    
	   6 Input      6 Bit        Muxes := 4     
	   4 Input      6 Bit        Muxes := 1     
	   2 Input      4 Bit        Muxes := 9     
	  10 Input      4 Bit        Muxes := 3     
	   3 Input      3 Bit        Muxes := 1     
	   9 Input      3 Bit        Muxes := 1     
	   8 Input      3 Bit        Muxes := 1     
	   2 Input      3 Bit        Muxes := 9     
	   6 Input      3 Bit        Muxes := 1     
	   2 Input      2 Bit        Muxes := 28    
	   6 Input      2 Bit        Muxes := 3     
	   4 Input      2 Bit        Muxes := 2     
	   3 Input      2 Bit        Muxes := 1     
	   5 Input      1 Bit        Muxes := 1     
	   4 Input      1 Bit        Muxes := 9     
	   2 Input      1 Bit        Muxes := 41    
	   6 Input      1 Bit        Muxes := 8     
	   3 Input      1 Bit        Muxes := 1     
---------------------------------------------------------------------------------
Finished RTL Component Statistics 
---------------------------------------------------------------------------------
---------------------------------------------------------------------------------
Start RTL Hierarchical Component Statistics 
---------------------------------------------------------------------------------
Hierarchical RTL Component report 
Module TETRIS_Main 
Detailed RTL Component Info : 
+---Registers : 
	                4 Bit    Registers := 3     
	                1 Bit    Registers := 2     
Module IP_CLK_DIVIDER_clk_wiz 
Detailed RTL Component Info : 
+---Registers : 
	                8 Bit    Registers := 2     
Module ingame_graphic 
Detailed RTL Component Info : 
+---Registers : 
	                4 Bit    Registers := 3     
	                1 Bit    Registers := 4     
+---Muxes : 
	   2 Input      4 Bit        Muxes := 6     
	  10 Input      4 Bit        Muxes := 3     
	   4 Input      1 Bit        Muxes := 1     
Module clear_row 
Detailed RTL Component Info : 
+---Adders : 
	   2 Input      6 Bit       Adders := 1     
+---Registers : 
	                6 Bit    Registers := 1     
Module generate_piece__1 
Detailed RTL Component Info : 
+---Adders : 
	   2 Input     11 Bit       Adders := 6     
+---Registers : 
	               11 Bit    Registers := 4     
	                4 Bit    Registers := 2     
+---Muxes : 
	   4 Input     11 Bit        Muxes := 7     
	   2 Input     11 Bit        Muxes := 18    
	   2 Input      3 Bit        Muxes := 2     
	   4 Input      2 Bit        Muxes := 1     
	   2 Input      2 Bit        Muxes := 1     
Module generate_piece 
Detailed RTL Component Info : 
+---Adders : 
	   2 Input     11 Bit       Adders := 6     
+---Registers : 
	               11 Bit    Registers := 4     
	                4 Bit    Registers := 2     
+---Muxes : 
	   4 Input     11 Bit        Muxes := 7     
	   2 Input     11 Bit        Muxes := 18    
	   2 Input      3 Bit        Muxes := 2     
	   4 Input      2 Bit        Muxes := 1     
	   2 Input      2 Bit        Muxes := 1     
Module debauns__1 
Detailed RTL Component Info : 
+---Adders : 
	   2 Input     16 Bit       Adders := 1     
+---Registers : 
	               16 Bit    Registers := 1     
	                1 Bit    Registers := 3     
+---Muxes : 
	   2 Input     16 Bit        Muxes := 1     
	   2 Input      1 Bit        Muxes := 1     
Module debauns__2 
Detailed RTL Component Info : 
+---Adders : 
	   2 Input     16 Bit       Adders := 1     
+---Registers : 
	               16 Bit    Registers := 1     
	                1 Bit    Registers := 3     
+---Muxes : 
	   2 Input     16 Bit        Muxes := 1     
	   2 Input      1 Bit        Muxes := 1     
Module debauns__3 
Detailed RTL Component Info : 
+---Adders : 
	   2 Input     16 Bit       Adders := 1     
+---Registers : 
	               16 Bit    Registers := 1     
	                1 Bit    Registers := 3     
+---Muxes : 
	   2 Input     16 Bit        Muxes := 1     
	   2 Input      1 Bit        Muxes := 1     
Module debauns__4 
Detailed RTL Component Info : 
+---Adders : 
	   2 Input     16 Bit       Adders := 1     
+---Registers : 
	               16 Bit    Registers := 1     
	                1 Bit    Registers := 3     
+---Muxes : 
	   2 Input     16 Bit        Muxes := 1     
	   2 Input      1 Bit        Muxes := 1     
Module debauns__5 
Detailed RTL Component Info : 
+---Adders : 
	   2 Input     16 Bit       Adders := 1     
+---Registers : 
	               16 Bit    Registers := 1     
	                1 Bit    Registers := 3     
+---Muxes : 
	   2 Input     16 Bit        Muxes := 1     
	   2 Input      1 Bit        Muxes := 1     
Module debauns 
Detailed RTL Component Info : 
+---Adders : 
	   2 Input     16 Bit       Adders := 1     
+---Registers : 
	               16 Bit    Registers := 1     
	                1 Bit    Registers := 3     
+---Muxes : 
	   2 Input     16 Bit        Muxes := 1     
	   2 Input      1 Bit        Muxes := 1     
Module clk2Hz 
Detailed RTL Component Info : 
+---Adders : 
	   2 Input     28 Bit       Adders := 1     
+---Registers : 
	               28 Bit    Registers := 1     
	                1 Bit    Registers := 1     
+---Muxes : 
	   2 Input     28 Bit        Muxes := 1     
	   2 Input      1 Bit        Muxes := 1     
Module clk1Hz 
Detailed RTL Component Info : 
+---Adders : 
	   2 Input     28 Bit       Adders := 1     
+---Registers : 
	               28 Bit    Registers := 1     
	                1 Bit    Registers := 1     
+---Muxes : 
	   3 Input     28 Bit        Muxes := 1     
	   2 Input     28 Bit        Muxes := 1     
	   3 Input      2 Bit        Muxes := 1     
	   3 Input      1 Bit        Muxes := 1     
	   2 Input      1 Bit        Muxes := 1     
Module game_logic_unit 
Detailed RTL Component Info : 
+---Adders : 
	   2 Input      7 Bit       Adders := 4     
	   2 Input      6 Bit       Adders := 5     
	   2 Input      3 Bit       Adders := 1     
	   2 Input      2 Bit       Adders := 2     
+---Registers : 
	               11 Bit    Registers := 2     
	                6 Bit    Registers := 7     
	                4 Bit    Registers := 4     
	                3 Bit    Registers := 1     
	                2 Bit    Registers := 2     
	                1 Bit    Registers := 5     
+---Muxes : 
	   2 Input    768 Bit        Muxes := 21    
	   6 Input    768 Bit        Muxes := 1     
	   2 Input      6 Bit        Muxes := 47    
	   6 Input      6 Bit        Muxes := 4     
	   4 Input      6 Bit        Muxes := 1     
	   3 Input      3 Bit        Muxes := 1     
	   9 Input      3 Bit        Muxes := 1     
	   8 Input      3 Bit        Muxes := 1     
	   2 Input      3 Bit        Muxes := 4     
	   6 Input      3 Bit        Muxes := 1     
	   2 Input      2 Bit        Muxes := 26    
	   6 Input      2 Bit        Muxes := 3     
	   5 Input      1 Bit        Muxes := 1     
	   4 Input      1 Bit        Muxes := 8     
	   2 Input      1 Bit        Muxes := 31    
	   6 Input      1 Bit        Muxes := 8     
Module vga_timing 
Detailed RTL Component Info : 
+---Adders : 
	   2 Input     11 Bit       Adders := 2     
+---Registers : 
	               11 Bit    Registers := 2     
+---Muxes : 
	   2 Input     11 Bit        Muxes := 4     
	   2 Input      1 Bit        Muxes := 1     
Module GAME_FRAME 
Detailed RTL Component Info : 
+---Registers : 
	               11 Bit    Registers := 2     
	                4 Bit    Registers := 3     
	                1 Bit    Registers := 4     
+---Muxes : 
	   2 Input      4 Bit        Muxes := 3     
	   2 Input      1 Bit        Muxes := 1     
Module falserandom_generator 
Detailed RTL Component Info : 
+---Adders : 
	   2 Input      3 Bit       Adders := 1     
+---Registers : 
	                3 Bit    Registers := 1     
+---Muxes : 
	   2 Input      3 Bit        Muxes := 1     
---------------------------------------------------------------------------------
Finished RTL Hierarchical Component Statistics
---------------------------------------------------------------------------------
---------------------------------------------------------------------------------
Start Part Resource Summary
---------------------------------------------------------------------------------
Part Resources:
DSPs: 90 (col length:60)
BRAMs: 100 (col length: RAMB18 60 RAMB36 30)
---------------------------------------------------------------------------------
Finished Part Resource Summary
---------------------------------------------------------------------------------
---------------------------------------------------------------------------------
Start Cross Boundary and Area Optimization
---------------------------------------------------------------------------------
WARNING: [Synth 8-6014] Unused sequential element row_reg was removed.  [C:/Users/Juten/Desktop/nowy tetris xD/uec2_projekt/vivado/UEC2_projekt_tetris/UEC2_projekt_tetris.srcs/sources_1/new/clear_row.v:45]
INFO: [Synth 8-5546] ROM "p_0_out" won't be mapped to RAM because it is too sparse
INFO: [Synth 8-4471] merging register 'row_to_clear_reg[5:0]' into 'row_to_clear_reg[5:0]' [C:/Users/Juten/Desktop/nowy tetris xD/uec2_projekt/vivado/UEC2_projekt_tetris/UEC2_projekt_tetris.srcs/sources_1/new/game_logic_unit.v:1196]
INFO: [Synth 8-4471] merging register 'row_to_clear_reg[5:0]' into 'row_to_clear_reg[5:0]' [C:/Users/Juten/Desktop/nowy tetris xD/uec2_projekt/vivado/UEC2_projekt_tetris/UEC2_projekt_tetris.srcs/sources_1/new/game_logic_unit.v:1196]
WARNING: [Synth 8-6014] Unused sequential element row_to_clear_reg was removed.  [C:/Users/Juten/Desktop/nowy tetris xD/uec2_projekt/vivado/UEC2_projekt_tetris/UEC2_projekt_tetris.srcs/sources_1/new/game_logic_unit.v:1196]
WARNING: [Synth 8-6014] Unused sequential element row_to_clear_reg was removed.  [C:/Users/Juten/Desktop/nowy tetris xD/uec2_projekt/vivado/UEC2_projekt_tetris/UEC2_projekt_tetris.srcs/sources_1/new/game_logic_unit.v:1196]
WARNING: [Synth 8-6014] Unused sequential element clk2HZ_generator/counter_reg was removed.  [C:/Users/Juten/Desktop/nowy tetris xD/uec2_projekt/vivado/UEC2_projekt_tetris/UEC2_projekt_tetris.srcs/sources_1/new/clk2Hz.v:37]
WARNING: [Synth 8-6014] Unused sequential element clk2HZ_generator/clk_out_reg was removed.  [C:/Users/Juten/Desktop/nowy tetris xD/uec2_projekt/vivado/UEC2_projekt_tetris/UEC2_projekt_tetris.srcs/sources_1/new/clk2Hz.v:36]
INFO: [Synth 8-5546] ROM "db_space/debounced" won't be mapped to RAM because it is too sparse
INFO: [Synth 8-5546] ROM "db_enter/debounced" won't be mapped to RAM because it is too sparse
INFO: [Synth 8-5546] ROM "db_right/debounced" won't be mapped to RAM because it is too sparse
INFO: [Synth 8-5546] ROM "db_left/debounced" won't be mapped to RAM because it is too sparse
INFO: [Synth 8-5546] ROM "db_down/debounced" won't be mapped to RAM because it is too sparse
INFO: [Synth 8-5546] ROM "db_up/debounced" won't be mapped to RAM because it is too sparse
WARNING: [Synth 8-6014] Unused sequential element FRAME_VIDEO_CONTROLL/hcount_out_reg was removed.  [C:/Users/Juten/Desktop/nowy tetris xD/uec2_projekt/vivado/UEC2_projekt_tetris/UEC2_projekt_tetris.srcs/sources_1/new/GAME_FRAME.v:80]
WARNING: [Synth 8-6014] Unused sequential element FRAME_VIDEO_CONTROLL/vcount_out_reg was removed.  [C:/Users/Juten/Desktop/nowy tetris xD/uec2_projekt/vivado/UEC2_projekt_tetris/UEC2_projekt_tetris.srcs/sources_1/new/GAME_FRAME.v:81]
WARNING: [Synth 8-6014] Unused sequential element FRAME_VIDEO_CONTROLL/hblnk_out_reg was removed.  [C:/Users/Juten/Desktop/nowy tetris xD/uec2_projekt/vivado/UEC2_projekt_tetris/UEC2_projekt_tetris.srcs/sources_1/new/GAME_FRAME.v:84]
WARNING: [Synth 8-6014] Unused sequential element FRAME_VIDEO_CONTROLL/vblnk_out_reg was removed.  [C:/Users/Juten/Desktop/nowy tetris xD/uec2_projekt/vivado/UEC2_projekt_tetris/UEC2_projekt_tetris.srcs/sources_1/new/GAME_FRAME.v:85]
INFO: [Synth 8-5546] ROM "vga_timing_source/vcountinside_nxt" won't be mapped to RAM because it is too sparse
WARNING: [Synth 8-3331] design TETRIS_Main has unconnected port PS2Data
WARNING: [Synth 8-3331] design TETRIS_Main has unconnected port PS2Clk
INFO: [Synth 8-3886] merging instance 'tetris_logici_0/ingame_graphics/VGABlue_out_reg[2]' (FD) to 'tetris_logici_0/ingame_graphics/VGABlue_out_reg[3]'
INFO: [Synth 8-3886] merging instance 'tetris_logici_0/ingame_graphics/VGARed_out_reg[2]' (FD) to 'tetris_logici_0/ingame_graphics/VGARed_out_reg[3]'
INFO: [Synth 8-3333] propagating constant 0 across sequential element (tetris_logici_0/\state_reg[3] )
INFO: [Synth 8-3886] merging instance 'tetris_logici_2/current_piece/width_reg[3]' (FDR) to 'tetris_logici_2/current_piece/height_reg[3]'
INFO: [Synth 8-3333] propagating constant 0 across sequential element (tetris_logici_2/current_piece/\height_reg[3] )
INFO: [Synth 8-3886] merging instance 'tetris_logici_2/test_piece/height_reg[3]' (FDR) to 'tetris_logici_2/test_piece/width_reg[3]'
INFO: [Synth 8-3333] propagating constant 0 across sequential element (tetris_logici_2/test_piece/\width_reg[3] )
WARNING: [Synth 8-3332] Sequential element (blk1_reg[10]) is unused and will be removed from module generate_piece__1.
WARNING: [Synth 8-3332] Sequential element (blk2_reg[10]) is unused and will be removed from module generate_piece__1.
WARNING: [Synth 8-3332] Sequential element (blk3_reg[10]) is unused and will be removed from module generate_piece__1.
WARNING: [Synth 8-3332] Sequential element (blk4_reg[10]) is unused and will be removed from module generate_piece__1.
WARNING: [Synth 8-3332] Sequential element (width_reg[3]) is unused and will be removed from module generate_piece__1.
WARNING: [Synth 8-3332] Sequential element (height_reg[3]) is unused and will be removed from module generate_piece.
INFO: [Synth 8-3886] merging instance 'tetris_logici_2/current_piece/width_reg[1]' (FDR) to 'tetris_logici_2/current_piece/height_reg[1]'
INFO: [Synth 8-3886] merging instance 'tetris_logici_2/VGARed_out_reg[2]' (FD) to 'tetris_logici_2/VGARed_out_reg[3]'
INFO: [Synth 8-3886] merging instance 'tetris_logici_2/VGABlue_out_reg[2]' (FD) to 'tetris_logici_2/VGABlue_out_reg[3]'
WARNING: [Synth 8-3332] Sequential element (width_reg[2]) is unused and will be removed from module generate_piece__1.
WARNING: [Synth 8-3332] Sequential element (width_reg[1]) is unused and will be removed from module generate_piece__1.
WARNING: [Synth 8-3332] Sequential element (width_reg[0]) is unused and will be removed from module generate_piece__1.
INFO: [Synth 8-3886] merging instance 'tetris_logici_0/ingame_graphics/VGAGreen_out_reg[0]' (FD) to 'tetris_logici_0/ingame_graphics/VGARed_out_reg[0]'
INFO: [Synth 8-3886] merging instance 'tetris_logici_2/VGARed_out_reg[0]' (FD) to 'tetris_logici_2/VGAGreen_out_reg[0]'
INFO: [Synth 8-3886] merging instance 'i_3/FRAME_VIDEO_CONTROLL/VGAGreen_out_reg[0]' (FDR) to 'i_3/FRAME_VIDEO_CONTROLL/VGARed_out_reg[0]'
INFO: [Synth 8-3886] merging instance 'i_3/vgaGreen_reg[0]' (FD) to 'i_3/vgaRed_reg[0]'
---------------------------------------------------------------------------------
Finished Cross Boundary and Area Optimization : Time (s): cpu = 00:03:37 ; elapsed = 00:03:39 . Memory (MB): peak = 1711.840 ; gain = 1454.039
---------------------------------------------------------------------------------

Report RTL Partitions: 
+------+----------------------------+------------+----------+
|      |RTL Partition               |Replication |Instances |
+------+----------------------------+------------+----------+
|1     |IP_CLK_DIVIDER_clk_wiz__GC0 |           1|        22|
|2     |game_logic_unit__GB0        |           1|     21376|
|3     |game_logic_unit__GB1        |           1|        44|
|4     |game_logic_unit__GB2        |           1|      2923|
|5     |TETRIS_Main__GC0            |           1|       243|
+------+----------------------------+------------+----------+
---------------------------------------------------------------------------------
Start Applying XDC Timing Constraints
---------------------------------------------------------------------------------
---------------------------------------------------------------------------------
Finished Applying XDC Timing Constraints : Time (s): cpu = 00:03:46 ; elapsed = 00:03:48 . Memory (MB): peak = 1711.840 ; gain = 1454.039
---------------------------------------------------------------------------------
---------------------------------------------------------------------------------
Start Timing Optimization
---------------------------------------------------------------------------------
---------------------------------------------------------------------------------
Finished Timing Optimization : Time (s): cpu = 00:03:50 ; elapsed = 00:03:51 . Memory (MB): peak = 1711.840 ; gain = 1454.039
---------------------------------------------------------------------------------

Report RTL Partitions: 
+------+----------------------------+------------+----------+
|      |RTL Partition               |Replication |Instances |
+------+----------------------------+------------+----------+
|1     |IP_CLK_DIVIDER_clk_wiz__GC0 |           1|        22|
|2     |game_logic_unit__GB0        |           1|     21376|
|3     |game_logic_unit__GB1        |           1|        44|
|4     |TETRIS_Main_GT0             |           1|      3155|
|5     |TETRIS_Main_GT1             |           1|         3|
|6     |TETRIS_Main_GT2             |           1|         3|
+------+----------------------------+------------+----------+
---------------------------------------------------------------------------------
Start Technology Mapping
---------------------------------------------------------------------------------
INFO: [Synth 8-3886] merging instance 'tetris_logic/test_piece/height_reg[1]' (FDR) to 'tetris_logic/current_piece/height_reg[1]'
---------------------------------------------------------------------------------
Finished Technology Mapping : Time (s): cpu = 00:04:17 ; elapsed = 00:04:19 . Memory (MB): peak = 1711.840 ; gain = 1454.039
---------------------------------------------------------------------------------

Report RTL Partitions: 
+-+--------------+------------+----------+
| |RTL Partition |Replication |Instances |
+-+--------------+------------+----------+
+-+--------------+------------+----------+
---------------------------------------------------------------------------------
Start IO Insertion
---------------------------------------------------------------------------------
---------------------------------------------------------------------------------
Start Flattening Before IO Insertion
---------------------------------------------------------------------------------
---------------------------------------------------------------------------------
Finished Flattening Before IO Insertion
---------------------------------------------------------------------------------
---------------------------------------------------------------------------------
Start Final Netlist Cleanup
---------------------------------------------------------------------------------
---------------------------------------------------------------------------------
Finished Final Netlist Cleanup
---------------------------------------------------------------------------------
---------------------------------------------------------------------------------
Finished IO Insertion : Time (s): cpu = 00:04:19 ; elapsed = 00:04:20 . Memory (MB): peak = 1711.840 ; gain = 1454.039
---------------------------------------------------------------------------------

Report Check Netlist: 
+------+------------------+-------+---------+-------+------------------+
|      |Item              |Errors |Warnings |Status |Description       |
+------+------------------+-------+---------+-------+------------------+
|1     |multi_driven_nets |      0|        0|Passed |Multi driven nets |
+------+------------------+-------+---------+-------+------------------+
---------------------------------------------------------------------------------
Start Renaming Generated Instances
---------------------------------------------------------------------------------
---------------------------------------------------------------------------------
Finished Renaming Generated Instances : Time (s): cpu = 00:04:19 ; elapsed = 00:04:21 . Memory (MB): peak = 1711.840 ; gain = 1454.039
---------------------------------------------------------------------------------

Report RTL Partitions: 
+-+--------------+------------+----------+
| |RTL Partition |Replication |Instances |
+-+--------------+------------+----------+
+-+--------------+------------+----------+
---------------------------------------------------------------------------------
Start Rebuilding User Hierarchy
---------------------------------------------------------------------------------
---------------------------------------------------------------------------------
Finished Rebuilding User Hierarchy : Time (s): cpu = 00:04:19 ; elapsed = 00:04:21 . Memory (MB): peak = 1711.840 ; gain = 1454.039
---------------------------------------------------------------------------------
---------------------------------------------------------------------------------
Start Renaming Generated Ports
---------------------------------------------------------------------------------
---------------------------------------------------------------------------------
Finished Renaming Generated Ports : Time (s): cpu = 00:04:19 ; elapsed = 00:04:21 . Memory (MB): peak = 1711.840 ; gain = 1454.039
---------------------------------------------------------------------------------
---------------------------------------------------------------------------------
Start Handling Custom Attributes
---------------------------------------------------------------------------------
---------------------------------------------------------------------------------
Finished Handling Custom Attributes : Time (s): cpu = 00:04:20 ; elapsed = 00:04:21 . Memory (MB): peak = 1711.840 ; gain = 1454.039
---------------------------------------------------------------------------------
---------------------------------------------------------------------------------
Start Renaming Generated Nets
---------------------------------------------------------------------------------
---------------------------------------------------------------------------------
Finished Renaming Generated Nets : Time (s): cpu = 00:04:20 ; elapsed = 00:04:21 . Memory (MB): peak = 1711.840 ; gain = 1454.039
---------------------------------------------------------------------------------
---------------------------------------------------------------------------------
Start ROM, RAM, DSP and Shift Register Reporting
---------------------------------------------------------------------------------

Static Shift Register Report:
+------------+-----------+--------+-------+--------------+--------------------+-------------------+--------+---------+
|Module Name | RTL Name  | Length | Width | Reset Signal | Pull out first Reg | Pull out last Reg | SRL16E | SRLC32E | 
+------------+-----------+--------+-------+--------------+--------------------+-------------------+--------+---------+
|TETRIS_Main | Vsync_reg | 4      | 1     | NO           | NO                 | YES               | 1      | 0       | 
|TETRIS_Main | Hsync_reg | 4      | 1     | NO           | NO                 | YES               | 1      | 0       | 
+------------+-----------+--------+-------+--------------+--------------------+-------------------+--------+---------+

---------------------------------------------------------------------------------
Finished ROM, RAM, DSP and Shift Register Reporting
---------------------------------------------------------------------------------
---------------------------------------------------------------------------------
Start Writing Synthesis Report
---------------------------------------------------------------------------------

Report BlackBoxes: 
+-+--------------+----------+
| |BlackBox name |Instances |
+-+--------------+----------+
+-+--------------+----------+

Report Cell Usage: 
+------+-----------+------+
|      |Cell       |Count |
+------+-----------+------+
|1     |BUFG       |     1|
|2     |BUFGCE     |     2|
|3     |BUFH       |     2|
|4     |CARRY4     |    53|
|5     |LUT1       |     4|
|6     |LUT2       |   105|
|7     |LUT3       |    57|
|8     |LUT4       |   114|
|9     |LUT5       |   344|
|10    |LUT6       |  5001|
|11    |MMCME2_ADV |     1|
|12    |MUXF7      |   615|
|13    |MUXF8      |   209|
|14    |SRL16E     |     2|
|15    |FDCE       |    16|
|16    |FDRE       |  1038|
|17    |FDSE       |   147|
|18    |IBUF       |     8|
|19    |OBUF       |    14|
+------+-----------+------+

Report Instance Areas: 
+------+-----------------------+-----------------------+------+
|      |Instance               |Module                 |Cells |
+------+-----------------------+-----------------------+------+
|1     |top                    |                       |  7733|
|2     |  CLK_GENERATOR        |IP_CLK_DIVIDER         |    23|
|3     |    inst               |IP_CLK_DIVIDER_clk_wiz |    23|
|4     |  FRAME_VIDEO_CONTROLL |GAME_FRAME             |    20|
|5     |  random_blocks        |falserandom_generator  |     7|
|6     |  tetris_logic         |game_logic_unit        |  7534|
|7     |    clear_row          |clear_row              |    41|
|8     |    clk1HZ_generator   |clk1Hz                 |    93|
|9     |    current_piece      |generate_piece         |  4347|
|10    |    db_down            |debauns                |    40|
|11    |    db_enter           |debauns_0              |    52|
|12    |    db_left            |debauns_1              |    47|
|13    |    db_right           |debauns_2              |    68|
|14    |    db_space           |debauns_3              |    50|
|15    |    db_up              |debauns_4              |    38|
|16    |    ingame_graphics    |ingame_graphic         |   374|
|17    |    test_piece         |generate_piece_5       |  1402|
|18    |  vga_timing_source    |vga_timing             |   115|
+------+-----------------------+-----------------------+------+
---------------------------------------------------------------------------------
Finished Writing Synthesis Report : Time (s): cpu = 00:04:20 ; elapsed = 00:04:21 . Memory (MB): peak = 1711.840 ; gain = 1454.039
---------------------------------------------------------------------------------
Synthesis finished with 0 errors, 0 critical warnings and 20 warnings.
Synthesis Optimization Runtime : Time (s): cpu = 00:03:09 ; elapsed = 00:03:41 . Memory (MB): peak = 1711.840 ; gain = 665.605
Synthesis Optimization Complete : Time (s): cpu = 00:04:20 ; elapsed = 00:04:22 . Memory (MB): peak = 1711.840 ; gain = 1454.039
INFO: [Project 1-571] Translating synthesized netlist
INFO: [Netlist 29-17] Analyzing 888 Unisim elements for replacement
INFO: [Netlist 29-28] Unisim Transformation completed in 0 CPU seconds
INFO: [Project 1-570] Preparing netlist for logic optimization
INFO: [Opt 31-138] Pushed 0 inverter(s) to 0 load pin(s).
INFO: [Project 1-111] Unisim Transformation Summary:
  A total of 2 instances were transformed.
  BUFGCE => BUFGCTRL: 2 instances

INFO: [Common 17-83] Releasing license: Synthesis
96 Infos, 56 Warnings, 0 Critical Warnings and 0 Errors encountered.
synth_design completed successfully
synth_design: Time (s): cpu = 00:04:22 ; elapsed = 00:04:24 . Memory (MB): peak = 1711.840 ; gain = 1462.500
INFO: [Common 17-1381] The checkpoint 'C:/Users/Juten/Desktop/nowy tetris xD/uec2_projekt/vivado/UEC2_projekt_tetris/UEC2_projekt_tetris.runs/synth_1/TETRIS_Main.dcp' has been generated.
INFO: [runtcl-4] Executing : report_utilization -file TETRIS_Main_utilization_synth.rpt -pb TETRIS_Main_utilization_synth.pb
report_utilization: Time (s): cpu = 00:00:00 ; elapsed = 00:00:00.054 . Memory (MB): peak = 1711.840 ; gain = 0.000
INFO: [Common 17-206] Exiting Vivado at Tue Sep 15 03:48:59 2020...
