Copyright 1986-2017 Xilinx, Inc. All Rights Reserved.
-------------------------------------------------------------------------------------------------------------------------------------------------
| Tool Version : Vivado v.2017.3 (win64) Build 2018833 Wed Oct  4 19:58:22 MDT 2017
| Date         : Tue Sep 15 03:50:50 2020
| Host         : LAPTOP-F1511I4M running 64-bit major release  (build 9200)
| Command      : report_timing_summary -file TETRIS_Main_timing_summary_routed.rpt -warn_on_violation -rpx TETRIS_Main_timing_summary_routed.rpx
| Design       : TETRIS_Main
| Device       : 7a35t-cpg236
| Speed File   : -1  PRODUCTION 1.19 2017-08-11
-------------------------------------------------------------------------------------------------------------------------------------------------

Timing Summary Report

------------------------------------------------------------------------------------------------
| Timer Settings
| --------------
------------------------------------------------------------------------------------------------

  Enable Multi Corner Analysis               :  Yes
  Enable Pessimism Removal                   :  Yes
  Pessimism Removal Resolution               :  Nearest Common Node
  Enable Input Delay Default Clock           :  No
  Enable Preset / Clear Arcs                 :  No
  Disable Flight Delays                      :  No
  Ignore I/O Paths                           :  No
  Timing Early Launch at Borrowing Latches   :  false

  Corner  Analyze    Analyze    
  Name    Max Paths  Min Paths  
  ------  ---------  ---------  
  Slow    Yes        Yes        
  Fast    Yes        Yes        



check_timing report

Table of Contents
-----------------
1. checking no_clock
2. checking constant_clock
3. checking pulse_width_clock
4. checking unconstrained_internal_endpoints
5. checking no_input_delay
6. checking no_output_delay
7. checking multiple_clock
8. checking generated_clocks
9. checking loops
10. checking partial_input_delay
11. checking partial_output_delay
12. checking latch_loops

1. checking no_clock
--------------------
 There are 0 register/latch pins with no clock.


2. checking constant_clock
--------------------------
 There are 0 register/latch pins with constant_clock.


3. checking pulse_width_clock
-----------------------------
 There are 0 register/latch pins which need pulse_width check


4. checking unconstrained_internal_endpoints
--------------------------------------------
 There are 0 pins that are not constrained for maximum delay.

 There are 0 pins that are not constrained for maximum delay due to constant clock.


5. checking no_input_delay
--------------------------
 There are 7 input ports with no input delay specified. (HIGH)

 There are 0 input ports with no input delay but user has a false path constraint.


6. checking no_output_delay
---------------------------
 There are 14 ports with no output delay specified. (HIGH)

 There are 0 ports with no output delay but user has a false path constraint

 There are 0 ports with no output delay but with a timing clock defined on it or propagating through it


7. checking multiple_clock
--------------------------
 There are 0 register/latch pins with multiple clocks.


8. checking generated_clocks
----------------------------
 There are 0 generated clocks that are not connected to a clock source.


9. checking loops
-----------------
 There are 0 combinational loops in the design.


10. checking partial_input_delay
--------------------------------
 There are 0 input ports with partial input delay specified.


11. checking partial_output_delay
---------------------------------
 There are 0 ports with partial output delay specified.


12. checking latch_loops
------------------------
 There are 0 combinational latch loops in the design through latch input



------------------------------------------------------------------------------------------------
| Design Timing Summary
| ---------------------
------------------------------------------------------------------------------------------------

    WNS(ns)      TNS(ns)  TNS Failing Endpoints  TNS Total Endpoints      WHS(ns)      THS(ns)  THS Failing Endpoints  THS Total Endpoints     WPWS(ns)     TPWS(ns)  TPWS Failing Endpoints  TPWS Total Endpoints  
    -------      -------  ---------------------  -------------------      -------      -------  ---------------------  -------------------     --------     --------  ----------------------  --------------------  
      1.588        0.000                      0                 2171        0.107        0.000                      0                 2171        3.000        0.000                       0                  1214  


All user specified timing constraints are met.


------------------------------------------------------------------------------------------------
| Clock Summary
| -------------
------------------------------------------------------------------------------------------------

Clock                      Waveform(ns)       Period(ns)      Frequency(MHz)
-----                      ------------       ----------      --------------
clk                        {0.000 5.000}      10.000          100.000         
  clk65MHz_IP_CLK_DIVIDER  {0.000 7.692}      15.385          65.000          
  clk_rand_IP_CLK_DIVIDER  {0.000 15.385}     30.769          32.500          
  clkfbout_IP_CLK_DIVIDER  {0.000 25.000}     50.000          20.000          


------------------------------------------------------------------------------------------------
| Intra Clock Table
| -----------------
------------------------------------------------------------------------------------------------

Clock                          WNS(ns)      TNS(ns)  TNS Failing Endpoints  TNS Total Endpoints      WHS(ns)      THS(ns)  THS Failing Endpoints  THS Total Endpoints     WPWS(ns)     TPWS(ns)  TPWS Failing Endpoints  TPWS Total Endpoints  
-----                          -------      -------  ---------------------  -------------------      -------      -------  ---------------------  -------------------     --------     --------  ----------------------  --------------------  
clk                                                                                                                                                                          3.000        0.000                       0                     1  
  clk65MHz_IP_CLK_DIVIDER        1.588        0.000                      0                 2160        0.107        0.000                      0                 2160        6.712        0.000                       0                  1196  
  clk_rand_IP_CLK_DIVIDER       28.668        0.000                      0                   11        0.122        0.000                      0                   11       14.885        0.000                       0                    14  
  clkfbout_IP_CLK_DIVIDER                                                                                                                                                   47.845        0.000                       0                     3  


------------------------------------------------------------------------------------------------
| Inter Clock Table
| -----------------
------------------------------------------------------------------------------------------------

From Clock               To Clock                     WNS(ns)      TNS(ns)  TNS Failing Endpoints  TNS Total Endpoints      WHS(ns)      THS(ns)  THS Failing Endpoints  THS Total Endpoints  
----------               --------                     -------      -------  ---------------------  -------------------      -------      -------  ---------------------  -------------------  
clk_rand_IP_CLK_DIVIDER  clk65MHz_IP_CLK_DIVIDER       11.580        0.000                      0                    3        0.299        0.000                      0                    3  


------------------------------------------------------------------------------------------------
| Other Path Groups Table
| -----------------------
------------------------------------------------------------------------------------------------

Path Group    From Clock    To Clock          WNS(ns)      TNS(ns)  TNS Failing Endpoints  TNS Total Endpoints      WHS(ns)      THS(ns)  THS Failing Endpoints  THS Total Endpoints  
----------    ----------    --------          -------      -------  ---------------------  -------------------      -------      -------  ---------------------  -------------------  


------------------------------------------------------------------------------------------------
| Timing Details
| --------------
------------------------------------------------------------------------------------------------


---------------------------------------------------------------------------------------------------
From Clock:  clk
  To Clock:  clk

Setup :           NA  Failing Endpoints,  Worst Slack           NA  ,  Total Violation           NA
Hold  :           NA  Failing Endpoints,  Worst Slack           NA  ,  Total Violation           NA
PW    :            0  Failing Endpoints,  Worst Slack        3.000ns,  Total Violation        0.000ns
---------------------------------------------------------------------------------------------------


Pulse Width Checks
--------------------------------------------------------------------------------------
Clock Name:         clk
Waveform(ns):       { 0.000 5.000 }
Period(ns):         10.000
Sources:            { clk }

Check Type        Corner  Lib Pin            Reference Pin  Required(ns)  Actual(ns)  Slack(ns)  Location         Pin
Min Period        n/a     MMCME2_ADV/CLKIN1  n/a            1.249         10.000      8.751      MMCME2_ADV_X1Y0  CLK_GENERATOR/inst/mmcm_adv_inst/CLKIN1
Max Period        n/a     MMCME2_ADV/CLKIN1  n/a            100.000       10.000      90.000     MMCME2_ADV_X1Y0  CLK_GENERATOR/inst/mmcm_adv_inst/CLKIN1
Low Pulse Width   Fast    MMCME2_ADV/CLKIN1  n/a            2.000         5.000       3.000      MMCME2_ADV_X1Y0  CLK_GENERATOR/inst/mmcm_adv_inst/CLKIN1
High Pulse Width  Slow    MMCME2_ADV/CLKIN1  n/a            2.000         5.000       3.000      MMCME2_ADV_X1Y0  CLK_GENERATOR/inst/mmcm_adv_inst/CLKIN1



---------------------------------------------------------------------------------------------------
From Clock:  clk65MHz_IP_CLK_DIVIDER
  To Clock:  clk65MHz_IP_CLK_DIVIDER

Setup :            0  Failing Endpoints,  Worst Slack        1.588ns,  Total Violation        0.000ns
Hold  :            0  Failing Endpoints,  Worst Slack        0.107ns,  Total Violation        0.000ns
PW    :            0  Failing Endpoints,  Worst Slack        6.712ns,  Total Violation        0.000ns
---------------------------------------------------------------------------------------------------


Max Delay Paths
--------------------------------------------------------------------------------------
Slack (MET) :             1.588ns  (required time - arrival time)
  Source:                 tetris_logic/test_piece/blk4_reg[1]_rep__0/C
                            (rising edge-triggered cell FDSE clocked by clk65MHz_IP_CLK_DIVIDER  {rise@0.000ns fall@7.692ns period=15.385ns})
  Destination:            tetris_logic/board_reg[384]/CE
                            (rising edge-triggered cell FDRE clocked by clk65MHz_IP_CLK_DIVIDER  {rise@0.000ns fall@7.692ns period=15.385ns})
  Path Group:             clk65MHz_IP_CLK_DIVIDER
  Path Type:              Setup (Max at Slow Process Corner)
  Requirement:            15.385ns  (clk65MHz_IP_CLK_DIVIDER rise@15.385ns - clk65MHz_IP_CLK_DIVIDER rise@0.000ns)
  Data Path Delay:        13.162ns  (logic 2.254ns (17.125%)  route 10.908ns (82.875%))
  Logic Levels:           10  (LUT4=1 LUT6=7 MUXF7=2)
  Clock Path Skew:        -0.297ns (DCD - SCD + CPR)
    Destination Clock Delay (DCD):    -1.560ns = ( 13.825 - 15.385 ) 
    Source Clock Delay      (SCD):    -0.773ns
    Clock Pessimism Removal (CPR):    0.491ns
  Clock Uncertainty:      0.132ns  ((TSJ^2 + DJ^2)^1/2) / 2 + PE
    Total System Jitter     (TSJ):    0.071ns
    Discrete Jitter          (DJ):    0.255ns
    Phase Error              (PE):    0.000ns

    Location             Delay type                Incr(ns)  Path(ns)    Netlist Resource(s)
  -------------------------------------------------------------------    -------------------
                         (clock clk65MHz_IP_CLK_DIVIDER rise edge)
                                                      0.000     0.000 r  
    W5                                                0.000     0.000 r  clk (IN)
                         net (fo=0)                   0.000     0.000    CLK_GENERATOR/inst/pclk
    W5                   IBUF (Prop_ibuf_I_O)         1.458     1.458 r  CLK_GENERATOR/inst/clkin1_ibufg/O
                         net (fo=1, routed)           1.233     2.691    CLK_GENERATOR/inst/pclk_IP_CLK_DIVIDER
    MMCME2_ADV_X1Y0      MMCME2_ADV (Prop_mmcme2_adv_CLKIN1_CLKOUT0)
                                                     -6.961    -4.269 r  CLK_GENERATOR/inst/mmcm_adv_inst/CLKOUT0
                         net (fo=2, routed)           1.661    -2.608    CLK_GENERATOR/inst/clk65MHz_IP_CLK_DIVIDER
    BUFGCTRL_X0Y0        BUFGCTRL (Prop_bufgctrl_I0_O)
                                                      0.096    -2.512 r  CLK_GENERATOR/inst/clkout1_buf/O
                         net (fo=1185, routed)        1.739    -0.773    tetris_logic/test_piece/clk65MHz
    SLICE_X27Y100        FDSE                                         r  tetris_logic/test_piece/blk4_reg[1]_rep__0/C
  -------------------------------------------------------------------    -------------------
    SLICE_X27Y100        FDSE (Prop_fdse_C_Q)         0.456    -0.317 r  tetris_logic/test_piece/blk4_reg[1]_rep__0/Q
                         net (fo=64, routed)          2.781     2.465    tetris_logic/test_piece/blk4_reg[1]_rep__0_n_0
    SLICE_X9Y128         LUT6 (Prop_lut6_I2_O)        0.124     2.589 r  tetris_logic/test_piece/rotation[1]_i_1076/O
                         net (fo=1, routed)           0.558     3.147    tetris_logic/test_piece/rotation[1]_i_1076_n_0
    SLICE_X11Y127        LUT6 (Prop_lut6_I0_O)        0.124     3.271 f  tetris_logic/test_piece/rotation[1]_i_588/O
                         net (fo=1, routed)           0.000     3.271    tetris_logic/test_piece/rotation[1]_i_588_n_0
    SLICE_X11Y127        MUXF7 (Prop_muxf7_I0_O)      0.212     3.483 f  tetris_logic/test_piece/rotation_reg[1]_i_208/O
                         net (fo=1, routed)           1.625     5.108    tetris_logic/test_piece/rotation_reg[1]_i_208_n_0
    SLICE_X31Y115        LUT6 (Prop_lut6_I0_O)        0.299     5.407 r  tetris_logic/test_piece/rotation[1]_i_83/O
                         net (fo=1, routed)           0.000     5.407    tetris_logic/test_piece/rotation[1]_i_83_n_0
    SLICE_X31Y115        MUXF7 (Prop_muxf7_I1_O)      0.245     5.652 r  tetris_logic/test_piece/rotation_reg[1]_i_34/O
                         net (fo=1, routed)           1.138     6.790    tetris_logic/test_piece/rotation_reg[1]_i_34_n_0
    SLICE_X32Y93         LUT6 (Prop_lut6_I5_O)        0.298     7.088 r  tetris_logic/test_piece/rotation[1]_i_17/O
                         net (fo=1, routed)           0.433     7.521    tetris_logic/test_piece/rotation[1]_i_17_n_0
    SLICE_X32Y93         LUT6 (Prop_lut6_I5_O)        0.124     7.645 f  tetris_logic/test_piece/rotation[1]_i_7/O
                         net (fo=12, routed)          0.655     8.300    tetris_logic/current_piece/game_reset_nxt2
    SLICE_X28Y88         LUT6 (Prop_lut6_I4_O)        0.124     8.424 f  tetris_logic/current_piece/board[766]_i_11/O
                         net (fo=2, routed)           1.007     9.431    tetris_logic/current_piece/board[766]_i_11_n_0
    SLICE_X15Y99         LUT6 (Prop_lut6_I4_O)        0.124     9.555 r  tetris_logic/current_piece/board[766]_i_3/O
                         net (fo=27, routed)          1.046    10.602    tetris_logic/current_piece/board[766]_i_3_n_0
    SLICE_X17Y109        LUT4 (Prop_lut4_I1_O)        0.124    10.726 r  tetris_logic/current_piece/board[766]_i_1/O
                         net (fo=383, routed)         1.664    12.390    tetris_logic/current_piece_n_60
    SLICE_X28Y91         FDRE                                         r  tetris_logic/board_reg[384]/CE
  -------------------------------------------------------------------    -------------------

                         (clock clk65MHz_IP_CLK_DIVIDER rise edge)
                                                     15.385    15.385 r  
    W5                                                0.000    15.385 r  clk (IN)
                         net (fo=0)                   0.000    15.385    CLK_GENERATOR/inst/pclk
    W5                   IBUF (Prop_ibuf_I_O)         1.388    16.773 r  CLK_GENERATOR/inst/clkin1_ibufg/O
                         net (fo=1, routed)           1.162    17.935    CLK_GENERATOR/inst/pclk_IP_CLK_DIVIDER
    MMCME2_ADV_X1Y0      MMCME2_ADV (Prop_mmcme2_adv_CLKIN1_CLKOUT0)
                                                     -7.217    10.717 r  CLK_GENERATOR/inst/mmcm_adv_inst/CLKOUT0
                         net (fo=2, routed)           1.581    12.298    CLK_GENERATOR/inst/clk65MHz_IP_CLK_DIVIDER
    BUFGCTRL_X0Y0        BUFGCTRL (Prop_bufgctrl_I0_O)
                                                      0.091    12.389 r  CLK_GENERATOR/inst/clkout1_buf/O
                         net (fo=1185, routed)        1.436    13.825    tetris_logic/clk65MHz
    SLICE_X28Y91         FDRE                                         r  tetris_logic/board_reg[384]/C
                         clock pessimism              0.491    14.315    
                         clock uncertainty           -0.132    14.183    
    SLICE_X28Y91         FDRE (Setup_fdre_C_CE)      -0.205    13.978    tetris_logic/board_reg[384]
  -------------------------------------------------------------------
                         required time                         13.978    
                         arrival time                         -12.390    
  -------------------------------------------------------------------
                         slack                                  1.588    





Min Delay Paths
--------------------------------------------------------------------------------------
Slack (MET) :             0.107ns  (arrival time - required time)
  Source:                 tetris_logic/board_reg[367]/C
                            (rising edge-triggered cell FDRE clocked by clk65MHz_IP_CLK_DIVIDER  {rise@0.000ns fall@7.692ns period=15.385ns})
  Destination:            tetris_logic/board_reg[399]/D
                            (rising edge-triggered cell FDRE clocked by clk65MHz_IP_CLK_DIVIDER  {rise@0.000ns fall@7.692ns period=15.385ns})
  Path Group:             clk65MHz_IP_CLK_DIVIDER
  Path Type:              Hold (Min at Fast Process Corner)
  Requirement:            0.000ns  (clk65MHz_IP_CLK_DIVIDER rise@0.000ns - clk65MHz_IP_CLK_DIVIDER rise@0.000ns)
  Data Path Delay:        0.381ns  (logic 0.186ns (48.783%)  route 0.195ns (51.217%))
  Logic Levels:           1  (LUT6=1)
  Clock Path Skew:        0.182ns (DCD - SCD - CPR)
    Destination Clock Delay (DCD):    -0.859ns
    Source Clock Delay      (SCD):    -0.538ns
    Clock Pessimism Removal (CPR):    -0.503ns

    Location             Delay type                Incr(ns)  Path(ns)    Netlist Resource(s)
  -------------------------------------------------------------------    -------------------
                         (clock clk65MHz_IP_CLK_DIVIDER rise edge)
                                                      0.000     0.000 r  
    W5                                                0.000     0.000 r  clk (IN)
                         net (fo=0)                   0.000     0.000    CLK_GENERATOR/inst/pclk
    W5                   IBUF (Prop_ibuf_I_O)         0.226     0.226 r  CLK_GENERATOR/inst/clkin1_ibufg/O
                         net (fo=1, routed)           0.440     0.667    CLK_GENERATOR/inst/pclk_IP_CLK_DIVIDER
    MMCME2_ADV_X1Y0      MMCME2_ADV (Prop_mmcme2_adv_CLKIN1_CLKOUT0)
                                                     -2.360    -1.693 r  CLK_GENERATOR/inst/mmcm_adv_inst/CLKOUT0
                         net (fo=2, routed)           0.486    -1.207    CLK_GENERATOR/inst/clk65MHz_IP_CLK_DIVIDER
    BUFGCTRL_X0Y0        BUFGCTRL (Prop_bufgctrl_I0_O)
                                                      0.026    -1.181 r  CLK_GENERATOR/inst/clkout1_buf/O
                         net (fo=1185, routed)        0.643    -0.538    tetris_logic/clk65MHz
    SLICE_X35Y100        FDRE                                         r  tetris_logic/board_reg[367]/C
  -------------------------------------------------------------------    -------------------
    SLICE_X35Y100        FDRE (Prop_fdre_C_Q)         0.141    -0.397 r  tetris_logic/board_reg[367]/Q
                         net (fo=12, routed)          0.195    -0.202    tetris_logic/current_piece/p_4_in8922_in
    SLICE_X33Y99         LUT6 (Prop_lut6_I1_O)        0.045    -0.157 r  tetris_logic/current_piece/board[399]_i_1/O
                         net (fo=1, routed)           0.000    -0.157    tetris_logic/board_nxt[399]
    SLICE_X33Y99         FDRE                                         r  tetris_logic/board_reg[399]/D
  -------------------------------------------------------------------    -------------------

                         (clock clk65MHz_IP_CLK_DIVIDER rise edge)
                                                      0.000     0.000 r  
    W5                                                0.000     0.000 r  clk (IN)
                         net (fo=0)                   0.000     0.000    CLK_GENERATOR/inst/pclk
    W5                   IBUF (Prop_ibuf_I_O)         0.414     0.414 r  CLK_GENERATOR/inst/clkin1_ibufg/O
                         net (fo=1, routed)           0.480     0.894    CLK_GENERATOR/inst/pclk_IP_CLK_DIVIDER
    MMCME2_ADV_X1Y0      MMCME2_ADV (Prop_mmcme2_adv_CLKIN1_CLKOUT0)
                                                     -3.142    -2.248 r  CLK_GENERATOR/inst/mmcm_adv_inst/CLKOUT0
                         net (fo=2, routed)           0.530    -1.718    CLK_GENERATOR/inst/clk65MHz_IP_CLK_DIVIDER
    BUFGCTRL_X0Y0        BUFGCTRL (Prop_bufgctrl_I0_O)
                                                      0.029    -1.689 r  CLK_GENERATOR/inst/clkout1_buf/O
                         net (fo=1185, routed)        0.830    -0.859    tetris_logic/clk65MHz
    SLICE_X33Y99         FDRE                                         r  tetris_logic/board_reg[399]/C
                         clock pessimism              0.503    -0.355    
    SLICE_X33Y99         FDRE (Hold_fdre_C_D)         0.092    -0.263    tetris_logic/board_reg[399]
  -------------------------------------------------------------------
                         required time                          0.263    
                         arrival time                          -0.157    
  -------------------------------------------------------------------
                         slack                                  0.107    





Pulse Width Checks
--------------------------------------------------------------------------------------
Clock Name:         clk65MHz_IP_CLK_DIVIDER
Waveform(ns):       { 0.000 7.692 }
Period(ns):         15.385
Sources:            { CLK_GENERATOR/inst/mmcm_adv_inst/CLKOUT0 }

Check Type        Corner  Lib Pin             Reference Pin  Required(ns)  Actual(ns)  Slack(ns)  Location         Pin
Min Period        n/a     BUFGCTRL/I0         n/a            2.155         15.385      13.229     BUFGCTRL_X0Y0    CLK_GENERATOR/inst/clkout1_buf/I0
Max Period        n/a     MMCME2_ADV/CLKOUT0  n/a            213.360       15.385      197.975    MMCME2_ADV_X1Y0  CLK_GENERATOR/inst/mmcm_adv_inst/CLKOUT0
Low Pulse Width   Slow    SRL16E/CLK          n/a            0.980         7.692       6.712      SLICE_X30Y65     FRAME_VIDEO_CONTROLL/hsync_out_reg_srl3/CLK
High Pulse Width  Slow    SRL16E/CLK          n/a            0.980         7.692       6.712      SLICE_X30Y65     FRAME_VIDEO_CONTROLL/hsync_out_reg_srl3/CLK



---------------------------------------------------------------------------------------------------
From Clock:  clk_rand_IP_CLK_DIVIDER
  To Clock:  clk_rand_IP_CLK_DIVIDER

Setup :            0  Failing Endpoints,  Worst Slack       28.668ns,  Total Violation        0.000ns
Hold  :            0  Failing Endpoints,  Worst Slack        0.122ns,  Total Violation        0.000ns
PW    :            0  Failing Endpoints,  Worst Slack       14.885ns,  Total Violation        0.000ns
---------------------------------------------------------------------------------------------------


Max Delay Paths
--------------------------------------------------------------------------------------
Slack (MET) :             28.668ns  (required time - arrival time)
  Source:                 random_blocks/rand_count_reg[0]/C
                            (rising edge-triggered cell FDRE clocked by clk_rand_IP_CLK_DIVIDER  {rise@0.000ns fall@15.385ns period=30.769ns})
  Destination:            random_blocks/rand_count_reg[2]/D
                            (rising edge-triggered cell FDRE clocked by clk_rand_IP_CLK_DIVIDER  {rise@0.000ns fall@15.385ns period=30.769ns})
  Path Group:             clk_rand_IP_CLK_DIVIDER
  Path Type:              Setup (Max at Slow Process Corner)
  Requirement:            30.769ns  (clk_rand_IP_CLK_DIVIDER rise@30.769ns - clk_rand_IP_CLK_DIVIDER rise@0.000ns)
  Data Path Delay:        1.985ns  (logic 0.580ns (29.218%)  route 1.405ns (70.782%))
  Logic Levels:           1  (LUT4=1)
  Clock Path Skew:        0.000ns (DCD - SCD + CPR)
    Destination Clock Delay (DCD):    -1.573ns = ( 29.196 - 30.769 ) 
    Source Clock Delay      (SCD):    -0.973ns
    Clock Pessimism Removal (CPR):    0.600ns
  Clock Uncertainty:      0.148ns  ((TSJ^2 + DJ^2)^1/2) / 2 + PE
    Total System Jitter     (TSJ):    0.071ns
    Discrete Jitter          (DJ):    0.287ns
    Phase Error              (PE):    0.000ns

    Location             Delay type                Incr(ns)  Path(ns)    Netlist Resource(s)
  -------------------------------------------------------------------    -------------------
                         (clock clk_rand_IP_CLK_DIVIDER rise edge)
                                                      0.000     0.000 r  
    W5                                                0.000     0.000 r  clk (IN)
                         net (fo=0)                   0.000     0.000    CLK_GENERATOR/inst/pclk
    W5                   IBUF (Prop_ibuf_I_O)         1.458     1.458 r  CLK_GENERATOR/inst/clkin1_ibufg/O
                         net (fo=1, routed)           1.233     2.691    CLK_GENERATOR/inst/pclk_IP_CLK_DIVIDER
    MMCME2_ADV_X1Y0      MMCME2_ADV (Prop_mmcme2_adv_CLKIN1_CLKOUT1)
                                                     -6.961    -4.269 r  CLK_GENERATOR/inst/mmcm_adv_inst/CLKOUT1
                         net (fo=2, routed)           1.661    -2.608    CLK_GENERATOR/inst/clk_rand_IP_CLK_DIVIDER
    BUFGCTRL_X0Y1        BUFGCTRL (Prop_bufgctrl_I0_O)
                                                      0.096    -2.512 r  CLK_GENERATOR/inst/clkout2_buf/O
                         net (fo=3, routed)           1.539    -0.973    random_blocks/clk_rand
    SLICE_X31Y78         FDRE                                         r  random_blocks/rand_count_reg[0]/C
  -------------------------------------------------------------------    -------------------
    SLICE_X31Y78         FDRE (Prop_fdre_C_Q)         0.456    -0.517 r  random_blocks/rand_count_reg[0]/Q
                         net (fo=6, routed)           1.405     0.888    random_blocks/rand_count_reg[1]_0[0]
    SLICE_X31Y78         LUT4 (Prop_lut4_I0_O)        0.124     1.012 r  random_blocks/rand_count[2]_i_1/O
                         net (fo=1, routed)           0.000     1.012    random_blocks/rand_count[2]_i_1_n_0
    SLICE_X31Y78         FDRE                                         r  random_blocks/rand_count_reg[2]/D
  -------------------------------------------------------------------    -------------------

                         (clock clk_rand_IP_CLK_DIVIDER rise edge)
                                                     30.769    30.769 r  
    W5                                                0.000    30.769 r  clk (IN)
                         net (fo=0)                   0.000    30.769    CLK_GENERATOR/inst/pclk
    W5                   IBUF (Prop_ibuf_I_O)         1.388    32.157 r  CLK_GENERATOR/inst/clkin1_ibufg/O
                         net (fo=1, routed)           1.162    33.319    CLK_GENERATOR/inst/pclk_IP_CLK_DIVIDER
    MMCME2_ADV_X1Y0      MMCME2_ADV (Prop_mmcme2_adv_CLKIN1_CLKOUT1)
                                                     -7.217    26.102 r  CLK_GENERATOR/inst/mmcm_adv_inst/CLKOUT1
                         net (fo=2, routed)           1.581    27.683    CLK_GENERATOR/inst/clk_rand_IP_CLK_DIVIDER
    BUFGCTRL_X0Y1        BUFGCTRL (Prop_bufgctrl_I0_O)
                                                      0.091    27.774 r  CLK_GENERATOR/inst/clkout2_buf/O
                         net (fo=3, routed)           1.423    29.196    random_blocks/clk_rand
    SLICE_X31Y78         FDRE                                         r  random_blocks/rand_count_reg[2]/C
                         clock pessimism              0.600    29.796    
                         clock uncertainty           -0.148    29.649    
    SLICE_X31Y78         FDRE (Setup_fdre_C_D)        0.031    29.680    random_blocks/rand_count_reg[2]
  -------------------------------------------------------------------
                         required time                         29.680    
                         arrival time                          -1.012    
  -------------------------------------------------------------------
                         slack                                 28.668    





Min Delay Paths
--------------------------------------------------------------------------------------
Slack (MET) :             0.122ns  (arrival time - required time)
  Source:                 CLK_GENERATOR/inst/seq_reg2_reg[0]/C
                            (rising edge-triggered cell FDCE clocked by clk_rand_IP_CLK_DIVIDER  {rise@0.000ns fall@15.385ns period=30.769ns})
  Destination:            CLK_GENERATOR/inst/seq_reg2_reg[1]/D
                            (rising edge-triggered cell FDCE clocked by clk_rand_IP_CLK_DIVIDER  {rise@0.000ns fall@15.385ns period=30.769ns})
  Path Group:             clk_rand_IP_CLK_DIVIDER
  Path Type:              Hold (Min at Fast Process Corner)
  Requirement:            0.000ns  (clk_rand_IP_CLK_DIVIDER rise@0.000ns - clk_rand_IP_CLK_DIVIDER rise@0.000ns)
  Data Path Delay:        0.197ns  (logic 0.141ns (71.611%)  route 0.056ns (28.389%))
  Logic Levels:           0  
  Clock Path Skew:        0.000ns (DCD - SCD - CPR)
    Destination Clock Delay (DCD):    -1.301ns
    Source Clock Delay      (SCD):    -1.035ns
    Clock Pessimism Removal (CPR):    -0.266ns

    Location             Delay type                Incr(ns)  Path(ns)    Netlist Resource(s)
  -------------------------------------------------------------------    -------------------
                         (clock clk_rand_IP_CLK_DIVIDER rise edge)
                                                      0.000     0.000 r  
    W5                                                0.000     0.000 r  clk (IN)
                         net (fo=0)                   0.000     0.000    CLK_GENERATOR/inst/pclk
    W5                   IBUF (Prop_ibuf_I_O)         0.226     0.226 r  CLK_GENERATOR/inst/clkin1_ibufg/O
                         net (fo=1, routed)           0.440     0.667    CLK_GENERATOR/inst/pclk_IP_CLK_DIVIDER
    MMCME2_ADV_X1Y0      MMCME2_ADV (Prop_mmcme2_adv_CLKIN1_CLKOUT1)
                                                     -2.360    -1.693 r  CLK_GENERATOR/inst/mmcm_adv_inst/CLKOUT1
                         net (fo=2, routed)           0.366    -1.327    CLK_GENERATOR/inst/clk_rand_IP_CLK_DIVIDER
    BUFHCE_X0Y1          BUFH (Prop_bufh_I_O)         0.020    -1.307 r  CLK_GENERATOR/inst/clkout2_buf_en/O
                         net (fo=8, routed)           0.272    -1.035    CLK_GENERATOR/inst/clk_rand_IP_CLK_DIVIDER_en_clk
    SLICE_X35Y46         FDCE                                         r  CLK_GENERATOR/inst/seq_reg2_reg[0]/C
  -------------------------------------------------------------------    -------------------
    SLICE_X35Y46         FDCE (Prop_fdce_C_Q)         0.141    -0.894 r  CLK_GENERATOR/inst/seq_reg2_reg[0]/Q
                         net (fo=1, routed)           0.056    -0.838    CLK_GENERATOR/inst/seq_reg2[0]
    SLICE_X35Y46         FDCE                                         r  CLK_GENERATOR/inst/seq_reg2_reg[1]/D
  -------------------------------------------------------------------    -------------------

                         (clock clk_rand_IP_CLK_DIVIDER rise edge)
                                                      0.000     0.000 r  
    W5                                                0.000     0.000 r  clk (IN)
                         net (fo=0)                   0.000     0.000    CLK_GENERATOR/inst/pclk
    W5                   IBUF (Prop_ibuf_I_O)         0.414     0.414 r  CLK_GENERATOR/inst/clkin1_ibufg/O
                         net (fo=1, routed)           0.480     0.894    CLK_GENERATOR/inst/pclk_IP_CLK_DIVIDER
    MMCME2_ADV_X1Y0      MMCME2_ADV (Prop_mmcme2_adv_CLKIN1_CLKOUT1)
                                                     -3.142    -2.248 r  CLK_GENERATOR/inst/mmcm_adv_inst/CLKOUT1
                         net (fo=2, routed)           0.407    -1.841    CLK_GENERATOR/inst/clk_rand_IP_CLK_DIVIDER
    BUFHCE_X0Y1          BUFH (Prop_bufh_I_O)         0.043    -1.798 r  CLK_GENERATOR/inst/clkout2_buf_en/O
                         net (fo=8, routed)           0.497    -1.301    CLK_GENERATOR/inst/clk_rand_IP_CLK_DIVIDER_en_clk
    SLICE_X35Y46         FDCE                                         r  CLK_GENERATOR/inst/seq_reg2_reg[1]/C
                         clock pessimism              0.266    -1.035    
    SLICE_X35Y46         FDCE (Hold_fdce_C_D)         0.075    -0.960    CLK_GENERATOR/inst/seq_reg2_reg[1]
  -------------------------------------------------------------------
                         required time                          0.960    
                         arrival time                          -0.838    
  -------------------------------------------------------------------
                         slack                                  0.122    





Pulse Width Checks
--------------------------------------------------------------------------------------
Clock Name:         clk_rand_IP_CLK_DIVIDER
Waveform(ns):       { 0.000 15.385 }
Period(ns):         30.769
Sources:            { CLK_GENERATOR/inst/mmcm_adv_inst/CLKOUT1 }

Check Type        Corner  Lib Pin             Reference Pin  Required(ns)  Actual(ns)  Slack(ns)  Location         Pin
Min Period        n/a     BUFGCTRL/I0         n/a            2.155         30.769      28.614     BUFGCTRL_X0Y1    CLK_GENERATOR/inst/clkout2_buf/I0
Max Period        n/a     MMCME2_ADV/CLKOUT1  n/a            213.360       30.769      182.591    MMCME2_ADV_X1Y0  CLK_GENERATOR/inst/mmcm_adv_inst/CLKOUT1
Low Pulse Width   Slow    FDCE/C              n/a            0.500         15.385      14.885     SLICE_X35Y46     CLK_GENERATOR/inst/seq_reg2_reg[0]/C
High Pulse Width  Slow    FDCE/C              n/a            0.500         15.385      14.885     SLICE_X35Y46     CLK_GENERATOR/inst/seq_reg2_reg[0]/C



---------------------------------------------------------------------------------------------------
From Clock:  clkfbout_IP_CLK_DIVIDER
  To Clock:  clkfbout_IP_CLK_DIVIDER

Setup :           NA  Failing Endpoints,  Worst Slack           NA  ,  Total Violation           NA
Hold  :           NA  Failing Endpoints,  Worst Slack           NA  ,  Total Violation           NA
PW    :            0  Failing Endpoints,  Worst Slack       47.845ns,  Total Violation        0.000ns
---------------------------------------------------------------------------------------------------


Pulse Width Checks
--------------------------------------------------------------------------------------
Clock Name:         clkfbout_IP_CLK_DIVIDER
Waveform(ns):       { 0.000 25.000 }
Period(ns):         50.000
Sources:            { CLK_GENERATOR/inst/mmcm_adv_inst/CLKFBOUT }

Check Type  Corner  Lib Pin             Reference Pin  Required(ns)  Actual(ns)  Slack(ns)  Location         Pin
Min Period  n/a     BUFG/I              n/a            2.155         50.000      47.845     BUFGCTRL_X0Y2    CLK_GENERATOR/inst/clkf_buf/I
Max Period  n/a     MMCME2_ADV/CLKFBIN  n/a            100.000       50.000      50.000     MMCME2_ADV_X1Y0  CLK_GENERATOR/inst/mmcm_adv_inst/CLKFBIN



---------------------------------------------------------------------------------------------------
From Clock:  clk_rand_IP_CLK_DIVIDER
  To Clock:  clk65MHz_IP_CLK_DIVIDER

Setup :            0  Failing Endpoints,  Worst Slack       11.580ns,  Total Violation        0.000ns
Hold  :            0  Failing Endpoints,  Worst Slack        0.299ns,  Total Violation        0.000ns
---------------------------------------------------------------------------------------------------


Max Delay Paths
--------------------------------------------------------------------------------------
Slack (MET) :             11.580ns  (required time - arrival time)
  Source:                 random_blocks/rand_count_reg[0]/C
                            (rising edge-triggered cell FDRE clocked by clk_rand_IP_CLK_DIVIDER  {rise@0.000ns fall@15.385ns period=30.769ns})
  Destination:            tetris_logic/blk_code_reg[1]/D
                            (rising edge-triggered cell FDRE clocked by clk65MHz_IP_CLK_DIVIDER  {rise@0.000ns fall@7.692ns period=15.385ns})
  Path Group:             clk65MHz_IP_CLK_DIVIDER
  Path Type:              Setup (Max at Slow Process Corner)
  Requirement:            15.385ns  (clk65MHz_IP_CLK_DIVIDER rise@15.385ns - clk_rand_IP_CLK_DIVIDER rise@0.000ns)
  Data Path Delay:        3.418ns  (logic 0.704ns (20.600%)  route 2.714ns (79.400%))
  Logic Levels:           2  (LUT6=2)
  Clock Path Skew:        -0.201ns (DCD - SCD + CPR)
    Destination Clock Delay (DCD):    -1.572ns = ( 13.813 - 15.385 ) 
    Source Clock Delay      (SCD):    -0.973ns
    Clock Pessimism Removal (CPR):    0.398ns
  Clock Uncertainty:      0.268ns  ((TSJ^2 + DJ^2)^1/2) / 2 + PE
    Total System Jitter     (TSJ):    0.071ns
    Discrete Jitter          (DJ):    0.287ns
    Phase Error              (PE):    0.120ns

    Location             Delay type                Incr(ns)  Path(ns)    Netlist Resource(s)
  -------------------------------------------------------------------    -------------------
                         (clock clk_rand_IP_CLK_DIVIDER rise edge)
                                                      0.000     0.000 r  
    W5                                                0.000     0.000 r  clk (IN)
                         net (fo=0)                   0.000     0.000    CLK_GENERATOR/inst/pclk
    W5                   IBUF (Prop_ibuf_I_O)         1.458     1.458 r  CLK_GENERATOR/inst/clkin1_ibufg/O
                         net (fo=1, routed)           1.233     2.691    CLK_GENERATOR/inst/pclk_IP_CLK_DIVIDER
    MMCME2_ADV_X1Y0      MMCME2_ADV (Prop_mmcme2_adv_CLKIN1_CLKOUT1)
                                                     -6.961    -4.269 r  CLK_GENERATOR/inst/mmcm_adv_inst/CLKOUT1
                         net (fo=2, routed)           1.661    -2.608    CLK_GENERATOR/inst/clk_rand_IP_CLK_DIVIDER
    BUFGCTRL_X0Y1        BUFGCTRL (Prop_bufgctrl_I0_O)
                                                      0.096    -2.512 r  CLK_GENERATOR/inst/clkout2_buf/O
                         net (fo=3, routed)           1.539    -0.973    random_blocks/clk_rand
    SLICE_X31Y78         FDRE                                         r  random_blocks/rand_count_reg[0]/C
  -------------------------------------------------------------------    -------------------
    SLICE_X31Y78         FDRE (Prop_fdre_C_Q)         0.456    -0.517 r  random_blocks/rand_count_reg[0]/Q
                         net (fo=6, routed)           1.536     1.019    tetris_logic/db_space/rand_count_reg[1][0]
    SLICE_X31Y79         LUT6 (Prop_lut6_I0_O)        0.124     1.143 r  tetris_logic/db_space/blk_code[1]_i_2/O
                         net (fo=1, routed)           1.177     2.321    tetris_logic/db_space/blk_code_nxt[1]
    SLICE_X30Y79         LUT6 (Prop_lut6_I0_O)        0.124     2.445 r  tetris_logic/db_space/blk_code[1]_i_1/O
                         net (fo=1, routed)           0.000     2.445    tetris_logic/db_space_n_17
    SLICE_X30Y79         FDRE                                         r  tetris_logic/blk_code_reg[1]/D
  -------------------------------------------------------------------    -------------------

                         (clock clk65MHz_IP_CLK_DIVIDER rise edge)
                                                     15.385    15.385 r  
    W5                                                0.000    15.385 r  clk (IN)
                         net (fo=0)                   0.000    15.385    CLK_GENERATOR/inst/pclk
    W5                   IBUF (Prop_ibuf_I_O)         1.388    16.773 r  CLK_GENERATOR/inst/clkin1_ibufg/O
                         net (fo=1, routed)           1.162    17.935    CLK_GENERATOR/inst/pclk_IP_CLK_DIVIDER
    MMCME2_ADV_X1Y0      MMCME2_ADV (Prop_mmcme2_adv_CLKIN1_CLKOUT0)
                                                     -7.217    10.717 r  CLK_GENERATOR/inst/mmcm_adv_inst/CLKOUT0
                         net (fo=2, routed)           1.581    12.298    CLK_GENERATOR/inst/clk65MHz_IP_CLK_DIVIDER
    BUFGCTRL_X0Y0        BUFGCTRL (Prop_bufgctrl_I0_O)
                                                      0.091    12.389 r  CLK_GENERATOR/inst/clkout1_buf/O
                         net (fo=1185, routed)        1.424    13.813    tetris_logic/clk65MHz
    SLICE_X30Y79         FDRE                                         r  tetris_logic/blk_code_reg[1]/C
                         clock pessimism              0.398    14.211    
                         clock uncertainty           -0.268    13.944    
    SLICE_X30Y79         FDRE (Setup_fdre_C_D)        0.081    14.025    tetris_logic/blk_code_reg[1]
  -------------------------------------------------------------------
                         required time                         14.025    
                         arrival time                          -2.445    
  -------------------------------------------------------------------
                         slack                                 11.580    





Min Delay Paths
--------------------------------------------------------------------------------------
Slack (MET) :             0.299ns  (arrival time - required time)
  Source:                 random_blocks/rand_count_reg[0]/C
                            (rising edge-triggered cell FDRE clocked by clk_rand_IP_CLK_DIVIDER  {rise@0.000ns fall@15.385ns period=30.769ns})
  Destination:            tetris_logic/blk_code_reg[2]/D
                            (rising edge-triggered cell FDRE clocked by clk65MHz_IP_CLK_DIVIDER  {rise@0.000ns fall@7.692ns period=15.385ns})
  Path Group:             clk65MHz_IP_CLK_DIVIDER
  Path Type:              Hold (Min at Fast Process Corner)
  Requirement:            0.000ns  (clk65MHz_IP_CLK_DIVIDER rise@0.000ns - clk_rand_IP_CLK_DIVIDER rise@0.000ns)
  Data Path Delay:        1.002ns  (logic 0.231ns (23.058%)  route 0.771ns (76.942%))
  Logic Levels:           2  (LUT4=1 LUT6=1)
  Clock Path Skew:        0.314ns (DCD - SCD - CPR)
    Destination Clock Delay (DCD):    -0.871ns
    Source Clock Delay      (SCD):    -0.630ns
    Clock Pessimism Removal (CPR):    -0.555ns
  Clock Uncertainty:      0.268ns  ((TSJ^2 + DJ^2)^1/2) / 2 + PE
    Total System Jitter     (TSJ):    0.071ns
    Discrete Jitter          (DJ):    0.287ns
    Phase Error              (PE):    0.120ns

    Location             Delay type                Incr(ns)  Path(ns)    Netlist Resource(s)
  -------------------------------------------------------------------    -------------------
                         (clock clk_rand_IP_CLK_DIVIDER rise edge)
                                                      0.000     0.000 r  
    W5                                                0.000     0.000 r  clk (IN)
                         net (fo=0)                   0.000     0.000    CLK_GENERATOR/inst/pclk
    W5                   IBUF (Prop_ibuf_I_O)         0.226     0.226 r  CLK_GENERATOR/inst/clkin1_ibufg/O
                         net (fo=1, routed)           0.440     0.667    CLK_GENERATOR/inst/pclk_IP_CLK_DIVIDER
    MMCME2_ADV_X1Y0      MMCME2_ADV (Prop_mmcme2_adv_CLKIN1_CLKOUT1)
                                                     -2.360    -1.693 r  CLK_GENERATOR/inst/mmcm_adv_inst/CLKOUT1
                         net (fo=2, routed)           0.486    -1.207    CLK_GENERATOR/inst/clk_rand_IP_CLK_DIVIDER
    BUFGCTRL_X0Y1        BUFGCTRL (Prop_bufgctrl_I0_O)
                                                      0.026    -1.181 r  CLK_GENERATOR/inst/clkout2_buf/O
                         net (fo=3, routed)           0.551    -0.630    random_blocks/clk_rand
    SLICE_X31Y78         FDRE                                         r  random_blocks/rand_count_reg[0]/C
  -------------------------------------------------------------------    -------------------
    SLICE_X31Y78         FDRE (Prop_fdre_C_Q)         0.141    -0.489 r  random_blocks/rand_count_reg[0]/Q
                         net (fo=6, routed)           0.438    -0.051    random_blocks/rand_count_reg[1]_0[0]
    SLICE_X31Y78         LUT4 (Prop_lut4_I1_O)        0.045    -0.006 r  random_blocks/blk_code[2]_i_2/O
                         net (fo=1, routed)           0.333     0.327    tetris_logic/db_space/rand_count_reg[1]_0[0]
    SLICE_X30Y79         LUT6 (Prop_lut6_I0_O)        0.045     0.372 r  tetris_logic/db_space/blk_code[2]_i_1/O
                         net (fo=1, routed)           0.000     0.372    tetris_logic/db_space_n_18
    SLICE_X30Y79         FDRE                                         r  tetris_logic/blk_code_reg[2]/D
  -------------------------------------------------------------------    -------------------

                         (clock clk65MHz_IP_CLK_DIVIDER rise edge)
                                                      0.000     0.000 r  
    W5                                                0.000     0.000 r  clk (IN)
                         net (fo=0)                   0.000     0.000    CLK_GENERATOR/inst/pclk
    W5                   IBUF (Prop_ibuf_I_O)         0.414     0.414 r  CLK_GENERATOR/inst/clkin1_ibufg/O
                         net (fo=1, routed)           0.480     0.894    CLK_GENERATOR/inst/pclk_IP_CLK_DIVIDER
    MMCME2_ADV_X1Y0      MMCME2_ADV (Prop_mmcme2_adv_CLKIN1_CLKOUT0)
                                                     -3.142    -2.248 r  CLK_GENERATOR/inst/mmcm_adv_inst/CLKOUT0
                         net (fo=2, routed)           0.530    -1.718    CLK_GENERATOR/inst/clk65MHz_IP_CLK_DIVIDER
    BUFGCTRL_X0Y0        BUFGCTRL (Prop_bufgctrl_I0_O)
                                                      0.029    -1.689 r  CLK_GENERATOR/inst/clkout1_buf/O
                         net (fo=1185, routed)        0.818    -0.871    tetris_logic/clk65MHz
    SLICE_X30Y79         FDRE                                         r  tetris_logic/blk_code_reg[2]/C
                         clock pessimism              0.555    -0.316    
                         clock uncertainty            0.268    -0.048    
    SLICE_X30Y79         FDRE (Hold_fdre_C_D)         0.121     0.073    tetris_logic/blk_code_reg[2]
  -------------------------------------------------------------------
                         required time                         -0.073    
                         arrival time                           0.372    
  -------------------------------------------------------------------
                         slack                                  0.299    





