Copyright 1986-2017 Xilinx, Inc. All Rights Reserved.
------------------------------------------------------------------------------------
| Tool Version : Vivado v.2017.3 (win64) Build 2018833 Wed Oct  4 19:58:22 MDT 2017
| Date         : Tue Sep 15 03:49:52 2020
| Host         : LAPTOP-F1511I4M running 64-bit major release  (build 9200)
| Command      : report_control_sets -file TETRIS_Main_control_sets_placed.rpt
| Design       : TETRIS_Main
| Device       : xc7a35t
------------------------------------------------------------------------------------

Control Set Information

Table of Contents
-----------------
1. Summary
2. Flip-Flop Distribution

1. Summary
----------

+-------------------------------+-------+
|             Status            | Count |
+-------------------------------+-------+
| Number of unique control sets |    47 |
+-------------------------------+-------+


2. Flip-Flop Distribution
-------------------------

+--------------+-----------------------+------------------------+-----------------+--------------+
| Clock Enable | Synchronous Set/Reset | Asynchronous Set/Reset | Total Registers | Total Slices |
+--------------+-----------------------+------------------------+-----------------+--------------+
| No           | No                    | No                     |              54 |           23 |
| No           | No                    | Yes                    |              16 |            2 |
| No           | Yes                   | No                     |             323 |          156 |
| Yes          | No                    | No                     |              13 |           12 |
| Yes          | No                    | Yes                    |               0 |            0 |
| Yes          | Yes                   | No                     |             796 |          647 |
+--------------+-----------------------+------------------------+-----------------+--------------+


